
  .   ____          _            __ _ _
 /\\ / ___'_ __ _ _(_)_ __  __ _ \ \ \ \
( ( )\___ | '_ | '_| | '_ \/ _` | \ \ \ \
 \\/  ___)| |_)| | | | | || (_| |  ) ) ) )
  '  |____| .__|_| |_|_| |_\__, | / / / /
 =========|_|==============|___/=/_/_/_/

 :: Spring Boot ::                (v3.5.0)

2025-06-25 01:40:21 - Starting CemAuthenticationApplication using Java 17.0.11 with PID 34136 (D:\do-an\Viet\CEM-backend\CEM-authentication\target\classes started by Lom in D:\do-an\Viet\CEM-backend\CEM-authentication)
2025-06-25 01:40:21 - Running with Spring Boot v3.5.0, Spring v6.2.7
2025-06-25 01:40:21 - No active profile set, falling back to 1 default profile: "default"
2025-06-25 01:40:21 - Devtools property defaults active! Set 'spring.devtools.add-properties' to 'false' to disable
2025-06-25 01:40:21 - For additional web related logging consider setting the 'logging.level.web' property to 'DEBUG'
2025-06-25 01:40:22 - Overriding bean definition for bean 'passwordEncoder' with a different definition: replacing [Root bean: class=null; scope=; abstract=false; lazyInit=null; autowireMode=3; dependencyCheck=0; autowireCandidate=true; primary=false; fallback=false; factoryBeanName=applicationConfig; factoryMethodName=passwordEncoder; initMethodNames=null; destroyMethodNames=[(inferred)]; defined in class path resource [com/g47/cem/cemauthentication/config/ApplicationConfig.class]] with [Root bean: class=null; scope=; abstract=false; lazyInit=null; autowireMode=3; dependencyCheck=0; autowireCandidate=true; primary=false; fallback=false; factoryBeanName=securityConfig; factoryMethodName=passwordEncoder; initMethodNames=null; destroyMethodNames=[(inferred)]; defined in class path resource [com/g47/cem/cemauthentication/config/SecurityConfig.class]]
2025-06-25 01:40:23 - Bootstrapping Spring Data JPA repositories in DEFAULT mode.
2025-06-25 01:40:23 - Finished Spring Data repository scanning in 85 ms. Found 2 JPA repository interfaces.
2025-06-25 01:40:25 - Tomcat initialized with port 8081 (http)
2025-06-25 01:40:25 - Starting service [Tomcat]
2025-06-25 01:40:25 - Starting Servlet engine: [Apache Tomcat/10.1.41]
2025-06-25 01:40:25 - Initializing Spring embedded WebApplicationContext
2025-06-25 01:40:25 - Root WebApplicationContext: initialization completed in 4042 ms
2025-06-25 01:40:25 - HHH000204: Processing PersistenceUnitInfo [name: default]
2025-06-25 01:40:25 - HHH000412: Hibernate ORM core version 6.6.15.Final
2025-06-25 01:40:25 - HHH000026: Second-level cache disabled
2025-06-25 01:40:26 - No LoadTimeWeaver setup: ignoring JPA class transformer
2025-06-25 01:40:26 - HikariPool-AUTH - Starting...
2025-06-25 01:40:27 - HikariPool-AUTH - Added connection org.postgresql.jdbc.PgConnection@127343a7
2025-06-25 01:40:27 - HikariPool-AUTH - Start completed.
2025-06-25 01:40:27 - HHH90000025: PostgreSQLDialect does not need to be specified explicitly using 'hibernate.dialect' (remove the property setting and it will be selected by default)
2025-06-25 01:40:27 - HHH10001005: Database info:
	Database JDBC URL [Connecting through datasource 'HikariDataSource (HikariPool-AUTH)']
	Database driver: undefined/unknown
	Database version: 16.9
	Autocommit mode: undefined/unknown
	Isolation level: undefined/unknown
	Minimum pool size: undefined/unknown
	Maximum pool size: undefined/unknown
2025-06-25 01:40:29 - HHH000489: No JTA platform available (set 'hibernate.transaction.jta.platform' to enable JTA platform integration)
2025-06-25 01:40:29 - 
    set client_min_messages = WARNING
2025-06-25 01:40:29 - 
    alter table if exists users 
       drop constraint if exists FKp56c1712k691lhsyewcssf40f
2025-06-25 01:40:29 - 
    drop table if exists roles cascade
2025-06-25 01:40:29 - 
    drop table if exists users cascade
2025-06-25 01:40:29 - 
    create table roles (
        created_at timestamp(6) not null,
        id bigint generated by default as identity,
        updated_at timestamp(6),
        name varchar(50) not null unique,
        description varchar(255),
        primary key (id)
    )
2025-06-25 01:40:29 - 
    create table users (
        email_verified boolean,
        login_attempts integer,
        created_at timestamp(6) not null,
        id bigint generated by default as identity,
        last_login_at timestamp(6),
        locked_until timestamp(6),
        password_reset_expires_at timestamp(6),
        role_id bigint not null,
        updated_at timestamp(6),
        phone varchar(15),
        first_name varchar(100) not null,
        last_name varchar(100) not null,
        created_by varchar(255),
        email varchar(255) not null unique,
        email_verification_token varchar(255),
        password varchar(255) not null,
        password_reset_token varchar(255),
        status varchar(255) not null check (status in ('ACTIVE','INACTIVE','SUSPENDED','PENDING_VERIFICATION','DELETED')),
        primary key (id)
    )
2025-06-25 01:40:29 - 
    alter table if exists users 
       add constraint FKp56c1712k691lhsyewcssf40f 
       foreign key (role_id) 
       references roles
2025-06-25 01:40:29 - Initialized JPA EntityManagerFactory for persistence unit 'default'
2025-06-25 01:40:30 - Hibernate is in classpath; If applicable, HQL parser will be used.
2025-06-25 01:40:31 - Filter 'jwtAuthenticationFilter' configured for use
2025-06-25 01:40:31 - Global AuthenticationManager configured with AuthenticationProvider bean with name authenticationProvider
2025-06-25 01:40:31 - Global AuthenticationManager configured with an AuthenticationProvider bean. UserDetailsService beans will not be used by Spring Security for automatically configuring username/password login. Consider removing the AuthenticationProvider bean. Alternatively, consider using the UserDetailsService in a manually instantiated DaoAuthenticationProvider. If the current configuration is intentional, to turn off this warning, increase the logging level of 'org.springframework.security.config.annotation.authentication.configuration.InitializeUserDetailsBeanManagerConfigurer' to ERROR
2025-06-25 01:40:31 - Exposing 3 endpoints beneath base path '/actuator'
2025-06-25 01:40:32 - Will secure any request with filters: DisableEncodeUrlFilter, WebAsyncManagerIntegrationFilter, SecurityContextHolderFilter, HeaderWriterFilter, CorsFilter, LogoutFilter, JwtAuthenticationFilter, RequestCacheAwareFilter, SecurityContextHolderAwareRequestFilter, AnonymousAuthenticationFilter, SessionManagementFilter, ExceptionTranslationFilter, AuthorizationFilter
2025-06-25 01:40:32 - Unable to start LiveReload server
2025-06-25 01:40:32 - Tomcat started on port 8081 (http) with context path '/api/auth'
2025-06-25 01:40:32 - Started CemAuthenticationApplication in 12.514 seconds (process running for 13.792)
2025-06-25 01:40:32 - Initializing default roles
2025-06-25 01:40:32 - 
    /* <criteria> */ select
        r1_0.id 
    from
        roles r1_0 
    where
        r1_0.name=? 
    fetch
        first ? rows only
2025-06-25 01:40:33 - 
    /* insert for
        com.g47.cem.cemauthentication.entity.Role */insert 
    into
        roles (created_at, description, name, updated_at) 
    values
        (?, ?, ?, ?)
2025-06-25 01:40:33 - Created default ADMINISTRATOR role
2025-06-25 01:40:33 - 
    /* <criteria> */ select
        r1_0.id 
    from
        roles r1_0 
    where
        r1_0.name=? 
    fetch
        first ? rows only
2025-06-25 01:40:33 - 
    /* insert for
        com.g47.cem.cemauthentication.entity.Role */insert 
    into
        roles (created_at, description, name, updated_at) 
    values
        (?, ?, ?, ?)
2025-06-25 01:40:33 - Created default STAFF role
2025-06-25 01:40:33 - 
    /* <criteria> */ select
        r1_0.id 
    from
        roles r1_0 
    where
        r1_0.name=? 
    fetch
        first ? rows only
2025-06-25 01:40:33 - 
    /* insert for
        com.g47.cem.cemauthentication.entity.Role */insert 
    into
        roles (created_at, description, name, updated_at) 
    values
        (?, ?, ?, ?)
2025-06-25 01:40:33 - Created default MANAGER role
2025-06-25 01:40:33 - 
    /* <criteria> */ select
        r1_0.id 
    from
        roles r1_0 
    where
        r1_0.name=? 
    fetch
        first ? rows only
2025-06-25 01:40:33 - 
    /* insert for
        com.g47.cem.cemauthentication.entity.Role */insert 
    into
        roles (created_at, description, name, updated_at) 
    values
        (?, ?, ?, ?)
2025-06-25 01:40:33 - Created default CUSTOMER role
2025-06-25 01:40:33 - 
    /* <criteria> */ select
        r1_0.id 
    from
        roles r1_0 
    where
        r1_0.name=? 
    fetch
        first ? rows only
2025-06-25 01:40:33 - 
    /* insert for
        com.g47.cem.cemauthentication.entity.Role */insert 
    into
        roles (created_at, description, name, updated_at) 
    values
        (?, ?, ?, ?)
2025-06-25 01:40:33 - Created default SUPPORT_TEAM role
2025-06-25 01:40:33 - Initializing default administrator account
2025-06-25 01:40:33 - 
    /* <criteria> */ select
        u1_0.id 
    from
        users u1_0 
    where
        u1_0.email=? 
    fetch
        first ? rows only
2025-06-25 01:40:33 - 
    /* <criteria> */ select
        r1_0.id,
        r1_0.created_at,
        r1_0.description,
        r1_0.name,
        r1_0.updated_at 
    from
        roles r1_0 
    where
        r1_0.name=?
2025-06-25 01:40:34 - 
    /* insert for
        com.g47.cem.cemauthentication.entity.User */insert 
    into
        users (created_at, created_by, email, email_verification_token, email_verified, first_name, last_login_at, last_name, locked_until, login_attempts, password, password_reset_expires_at, password_reset_token, phone, role_id, status, updated_at) 
    values
        (?, ?, ?, ?, ?, ?, ?, ?, ?, ?, ?, ?, ?, ?, ?, ?, ?)
2025-06-25 01:40:34 - Default administrator account created successfully: admin@cem.com
