2025-06-25 01:09:14 [restartedMain] INFO  c.g.c.cemdevice.CemDeviceApplication - Starting CemDeviceApplication using Java 17.0.11 with PID 16032 (D:\do-an\Viet\CEM-backend\CEM-device\target\classes started by Lom in D:\do-an\Viet\CEM-backend\CEM-device)
2025-06-25 01:09:14 [restartedMain] DEBUG c.g.c.cemdevice.CemDeviceApplication - Running with Spring Boot v3.5.0, Spring v6.2.7
2025-06-25 01:09:14 [restartedMain] INFO  c.g.c.cemdevice.CemDeviceApplication - No active profile set, falling back to 1 default profile: "default"
2025-06-25 01:09:14 [restartedMain] INFO  o.s.b.d.e.DevToolsPropertyDefaultsPostProcessor - Devtools property defaults active! Set 'spring.devtools.add-properties' to 'false' to disable
2025-06-25 01:09:14 [restartedMain] INFO  o.s.b.d.e.DevToolsPropertyDefaultsPostProcessor - For additional web related logging consider setting the 'logging.level.web' property to 'DEBUG'
2025-06-25 01:09:17 [restartedMain] INFO  o.s.d.r.c.RepositoryConfigurationDelegate - Bootstrapping Spring Data JPA repositories in DEFAULT mode.
2025-06-25 01:09:17 [restartedMain] INFO  o.s.d.r.c.RepositoryConfigurationDelegate - Finished Spring Data repository scanning in 81 ms. Found 3 JPA repository interfaces.
2025-06-25 01:09:18 [restartedMain] INFO  o.s.b.w.e.tomcat.TomcatWebServer - Tomcat initialized with port 8083 (http)
2025-06-25 01:09:18 [restartedMain] INFO  o.a.catalina.core.StandardService - Starting service [Tomcat]
2025-06-25 01:09:18 [restartedMain] INFO  o.a.catalina.core.StandardEngine - Starting Servlet engine: [Apache Tomcat/10.1.41]
2025-06-25 01:09:18 [restartedMain] INFO  o.a.c.c.C.[.[.[/api/device] - Initializing Spring embedded WebApplicationContext
2025-06-25 01:09:18 [restartedMain] INFO  o.s.b.w.s.c.ServletWebServerApplicationContext - Root WebApplicationContext: initialization completed in 3787 ms
2025-06-25 01:09:19 [restartedMain] DEBUG c.g.c.c.c.JwtAuthenticationFilter - Filter 'jwtAuthenticationFilter' configured for use
2025-06-25 01:09:19 [restartedMain] INFO  com.zaxxer.hikari.HikariDataSource - HikariPool-DEVICE - Starting...
2025-06-25 01:09:20 [restartedMain] INFO  com.zaxxer.hikari.pool.HikariPool - HikariPool-DEVICE - Added connection org.postgresql.jdbc.PgConnection@3096f44c
2025-06-25 01:09:20 [restartedMain] INFO  com.zaxxer.hikari.HikariDataSource - HikariPool-DEVICE - Start completed.
2025-06-25 01:09:20 [restartedMain] INFO  org.flywaydb.core.FlywayExecutor - Database: jdbc:postgresql://ep-royal-bird-a1m9xsdr.ap-southeast-1.aws.neon.tech:5432/CEM_DB?sslmode=require (PostgreSQL 16.9)
2025-06-25 01:09:21 [restartedMain] INFO  o.f.core.internal.command.DbValidate - Successfully validated 2 migrations (execution time 00:00.292s)
2025-06-25 01:09:22 [restartedMain] INFO  o.f.core.internal.command.DbMigrate - Current version of schema "public": 1
2025-06-25 01:09:22 [restartedMain] INFO  o.f.core.internal.command.DbMigrate - Schema "public" is up to date. No migration necessary.
2025-06-25 01:09:22 [restartedMain] INFO  o.h.jpa.internal.util.LogHelper - HHH000204: Processing PersistenceUnitInfo [name: default]
2025-06-25 01:09:23 [restartedMain] INFO  org.hibernate.Version - HHH000412: Hibernate ORM core version 6.6.15.Final
2025-06-25 01:09:23 [restartedMain] INFO  o.h.c.i.RegionFactoryInitiator - HHH000026: Second-level cache disabled
2025-06-25 01:09:23 [restartedMain] INFO  o.s.o.j.p.SpringPersistenceUnitInfo - No LoadTimeWeaver setup: ignoring JPA class transformer
2025-06-25 01:09:23 [restartedMain] WARN  org.hibernate.orm.deprecation - HHH90000025: PostgreSQLDialect does not need to be specified explicitly using 'hibernate.dialect' (remove the property setting and it will be selected by default)
2025-06-25 01:09:24 [restartedMain] INFO  o.hibernate.orm.connections.pooling - HHH10001005: Database info:
	Database JDBC URL [Connecting through datasource 'HikariDataSource (HikariPool-DEVICE)']
	Database driver: undefined/unknown
	Database version: 16.9
	Autocommit mode: undefined/unknown
	Isolation level: undefined/unknown
	Minimum pool size: undefined/unknown
	Maximum pool size: undefined/unknown
2025-06-25 01:09:25 [restartedMain] INFO  o.h.e.t.j.p.i.JtaPlatformInitiator - HHH000489: No JTA platform available (set 'hibernate.transaction.jta.platform' to enable JTA platform integration)
2025-06-25 01:09:26 [restartedMain] INFO  o.s.o.j.LocalContainerEntityManagerFactoryBean - Initialized JPA EntityManagerFactory for persistence unit 'default'
2025-06-25 01:09:27 [restartedMain] INFO  o.s.d.j.r.query.QueryEnhancerFactory - Hibernate is in classpath; If applicable, HQL parser will be used.
2025-06-25 01:09:31 [restartedMain] INFO  o.s.b.a.e.web.EndpointLinksResolver - Exposing 3 endpoints beneath base path '/actuator'
2025-06-25 01:09:31 [restartedMain] WARN  o.s.b.a.s.s.UserDetailsServiceAutoConfiguration - 

Using generated security password: c51cd96c-3ae1-4a7c-814c-af4eddaf3458

This generated password is for development use only. Your security configuration must be updated before running your application in production.

2025-06-25 01:09:31 [restartedMain] INFO  o.s.s.c.a.a.c.InitializeUserDetailsBeanManagerConfigurer$InitializeUserDetailsManagerConfigurer - Global AuthenticationManager configured with UserDetailsService bean with name inMemoryUserDetailsManager
2025-06-25 01:09:31 [restartedMain] DEBUG o.s.s.web.DefaultSecurityFilterChain - Will secure any request with filters: DisableEncodeUrlFilter, WebAsyncManagerIntegrationFilter, SecurityContextHolderFilter, HeaderWriterFilter, CorsFilter, LogoutFilter, JwtAuthenticationFilter, RequestCacheAwareFilter, SecurityContextHolderAwareRequestFilter, AnonymousAuthenticationFilter, SessionManagementFilter, ExceptionTranslationFilter, AuthorizationFilter
2025-06-25 01:09:32 [restartedMain] WARN  o.s.b.d.a.OptionalLiveReloadServer - Unable to start LiveReload server
2025-06-25 01:09:32 [restartedMain] INFO  o.s.b.w.e.tomcat.TomcatWebServer - Tomcat started on port 8083 (http) with context path '/api/device'
2025-06-25 01:09:32 [restartedMain] INFO  c.g.c.cemdevice.CemDeviceApplication - Started CemDeviceApplication in 18.715 seconds (process running for 20.225)
2025-06-25 01:15:40 [SpringApplicationShutdownHook] INFO  o.s.b.w.e.tomcat.GracefulShutdown - Commencing graceful shutdown. Waiting for active requests to complete
2025-06-25 01:15:41 [tomcat-shutdown] INFO  o.s.b.w.e.tomcat.GracefulShutdown - Graceful shutdown complete
2025-06-25 01:15:41 [SpringApplicationShutdownHook] INFO  o.s.o.j.LocalContainerEntityManagerFactoryBean - Closing JPA EntityManagerFactory for persistence unit 'default'
2025-06-25 01:15:41 [SpringApplicationShutdownHook] INFO  com.zaxxer.hikari.HikariDataSource - HikariPool-DEVICE - Shutdown initiated...
2025-06-25 01:15:41 [SpringApplicationShutdownHook] INFO  com.zaxxer.hikari.HikariDataSource - HikariPool-DEVICE - Shutdown completed.
2025-06-25 01:15:58 [restartedMain] INFO  c.g.c.cemdevice.CemDeviceApplication - Starting CemDeviceApplication using Java 17.0.11 with PID 25460 (D:\do-an\Viet\CEM-backend\CEM-device\target\classes started by Lom in D:\do-an\Viet\CEM-backend\CEM-device)
2025-06-25 01:15:58 [restartedMain] DEBUG c.g.c.cemdevice.CemDeviceApplication - Running with Spring Boot v3.5.0, Spring v6.2.7
2025-06-25 01:15:58 [restartedMain] INFO  c.g.c.cemdevice.CemDeviceApplication - No active profile set, falling back to 1 default profile: "default"
2025-06-25 01:15:59 [restartedMain] INFO  o.s.b.d.e.DevToolsPropertyDefaultsPostProcessor - Devtools property defaults active! Set 'spring.devtools.add-properties' to 'false' to disable
2025-06-25 01:15:59 [restartedMain] INFO  o.s.b.d.e.DevToolsPropertyDefaultsPostProcessor - For additional web related logging consider setting the 'logging.level.web' property to 'DEBUG'
2025-06-25 01:16:01 [restartedMain] INFO  o.s.d.r.c.RepositoryConfigurationDelegate - Bootstrapping Spring Data JPA repositories in DEFAULT mode.
2025-06-25 01:16:01 [restartedMain] INFO  o.s.d.r.c.RepositoryConfigurationDelegate - Finished Spring Data repository scanning in 80 ms. Found 3 JPA repository interfaces.
2025-06-25 01:16:02 [restartedMain] INFO  o.s.b.w.e.tomcat.TomcatWebServer - Tomcat initialized with port 8083 (http)
2025-06-25 01:16:02 [restartedMain] INFO  o.a.catalina.core.StandardService - Starting service [Tomcat]
2025-06-25 01:16:02 [restartedMain] INFO  o.a.catalina.core.StandardEngine - Starting Servlet engine: [Apache Tomcat/10.1.41]
2025-06-25 01:16:02 [restartedMain] INFO  o.a.c.c.C.[.[.[/api/device] - Initializing Spring embedded WebApplicationContext
2025-06-25 01:16:02 [restartedMain] INFO  o.s.b.w.s.c.ServletWebServerApplicationContext - Root WebApplicationContext: initialization completed in 3600 ms
2025-06-25 01:16:02 [restartedMain] DEBUG c.g.c.c.c.JwtAuthenticationFilter - Filter 'jwtAuthenticationFilter' configured for use
2025-06-25 01:16:03 [restartedMain] INFO  com.zaxxer.hikari.HikariDataSource - HikariPool-DEVICE - Starting...
2025-06-25 01:16:04 [restartedMain] INFO  com.zaxxer.hikari.pool.HikariPool - HikariPool-DEVICE - Added connection org.postgresql.jdbc.PgConnection@68320394
2025-06-25 01:16:04 [restartedMain] INFO  com.zaxxer.hikari.HikariDataSource - HikariPool-DEVICE - Start completed.
2025-06-25 01:16:04 [restartedMain] INFO  org.flywaydb.core.FlywayExecutor - Database: jdbc:postgresql://ep-royal-bird-a1m9xsdr.ap-southeast-1.aws.neon.tech:5432/CEM_DB?sslmode=require (PostgreSQL 16.9)
2025-06-25 01:16:05 [restartedMain] INFO  o.f.core.internal.command.DbValidate - Successfully validated 2 migrations (execution time 00:00.284s)
2025-06-25 01:16:07 [restartedMain] INFO  o.f.core.internal.command.DbMigrate - Current version of schema "public": 1
2025-06-25 01:16:07 [restartedMain] INFO  o.f.core.internal.command.DbMigrate - Schema "public" is up to date. No migration necessary.
2025-06-25 01:16:07 [restartedMain] INFO  o.h.jpa.internal.util.LogHelper - HHH000204: Processing PersistenceUnitInfo [name: default]
2025-06-25 01:16:07 [restartedMain] INFO  org.hibernate.Version - HHH000412: Hibernate ORM core version 6.6.15.Final
2025-06-25 01:16:07 [restartedMain] INFO  o.h.c.i.RegionFactoryInitiator - HHH000026: Second-level cache disabled
2025-06-25 01:16:08 [restartedMain] INFO  o.s.o.j.p.SpringPersistenceUnitInfo - No LoadTimeWeaver setup: ignoring JPA class transformer
2025-06-25 01:16:08 [restartedMain] WARN  org.hibernate.orm.deprecation - HHH90000025: PostgreSQLDialect does not need to be specified explicitly using 'hibernate.dialect' (remove the property setting and it will be selected by default)
2025-06-25 01:16:08 [restartedMain] INFO  o.hibernate.orm.connections.pooling - HHH10001005: Database info:
	Database JDBC URL [Connecting through datasource 'HikariDataSource (HikariPool-DEVICE)']
	Database driver: undefined/unknown
	Database version: 16.9
	Autocommit mode: undefined/unknown
	Isolation level: undefined/unknown
	Minimum pool size: undefined/unknown
	Maximum pool size: undefined/unknown
2025-06-25 01:16:10 [restartedMain] INFO  o.h.e.t.j.p.i.JtaPlatformInitiator - HHH000489: No JTA platform available (set 'hibernate.transaction.jta.platform' to enable JTA platform integration)
2025-06-25 01:16:11 [restartedMain] INFO  o.s.o.j.LocalContainerEntityManagerFactoryBean - Initialized JPA EntityManagerFactory for persistence unit 'default'
2025-06-25 01:16:12 [restartedMain] INFO  o.s.d.j.r.query.QueryEnhancerFactory - Hibernate is in classpath; If applicable, HQL parser will be used.
2025-06-25 01:16:14 [restartedMain] INFO  o.s.b.a.e.web.EndpointLinksResolver - Exposing 3 endpoints beneath base path '/actuator'
2025-06-25 01:16:14 [restartedMain] WARN  o.s.b.a.s.s.UserDetailsServiceAutoConfiguration - 

Using generated security password: a9ea40a4-7383-49e2-bce5-55e1f00415a1

This generated password is for development use only. Your security configuration must be updated before running your application in production.

2025-06-25 01:16:14 [restartedMain] INFO  o.s.s.c.a.a.c.InitializeUserDetailsBeanManagerConfigurer$InitializeUserDetailsManagerConfigurer - Global AuthenticationManager configured with UserDetailsService bean with name inMemoryUserDetailsManager
2025-06-25 01:16:15 [restartedMain] DEBUG o.s.s.web.DefaultSecurityFilterChain - Will secure any request with filters: DisableEncodeUrlFilter, WebAsyncManagerIntegrationFilter, SecurityContextHolderFilter, HeaderWriterFilter, CorsFilter, LogoutFilter, JwtAuthenticationFilter, RequestCacheAwareFilter, SecurityContextHolderAwareRequestFilter, AnonymousAuthenticationFilter, SessionManagementFilter, ExceptionTranslationFilter, AuthorizationFilter
2025-06-25 01:16:15 [restartedMain] WARN  o.s.b.d.a.OptionalLiveReloadServer - Unable to start LiveReload server
2025-06-25 01:16:15 [restartedMain] INFO  o.s.b.w.e.tomcat.TomcatWebServer - Tomcat started on port 8083 (http) with context path '/api/device'
2025-06-25 01:16:15 [restartedMain] INFO  c.g.c.cemdevice.CemDeviceApplication - Started CemDeviceApplication in 17.887 seconds (process running for 18.657)
2025-06-25 01:23:08 [SpringApplicationShutdownHook] INFO  o.s.b.w.e.tomcat.GracefulShutdown - Commencing graceful shutdown. Waiting for active requests to complete
2025-06-25 01:23:09 [tomcat-shutdown] INFO  o.s.b.w.e.tomcat.GracefulShutdown - Graceful shutdown complete
2025-06-25 01:23:09 [SpringApplicationShutdownHook] INFO  o.s.o.j.LocalContainerEntityManagerFactoryBean - Closing JPA EntityManagerFactory for persistence unit 'default'
2025-06-25 01:23:09 [SpringApplicationShutdownHook] INFO  com.zaxxer.hikari.HikariDataSource - HikariPool-DEVICE - Shutdown initiated...
2025-06-25 01:23:10 [SpringApplicationShutdownHook] INFO  com.zaxxer.hikari.HikariDataSource - HikariPool-DEVICE - Shutdown completed.
2025-06-25 01:24:14 [restartedMain] INFO  c.g.c.cemdevice.CemDeviceApplication - Starting CemDeviceApplication using Java 17.0.11 with PID 8256 (D:\do-an\Viet\CEM-backend\CEM-device\target\classes started by Lom in D:\do-an\Viet\CEM-backend\CEM-device)
2025-06-25 01:24:14 [restartedMain] DEBUG c.g.c.cemdevice.CemDeviceApplication - Running with Spring Boot v3.5.0, Spring v6.2.7
2025-06-25 01:24:14 [restartedMain] INFO  c.g.c.cemdevice.CemDeviceApplication - No active profile set, falling back to 1 default profile: "default"
2025-06-25 01:24:14 [restartedMain] INFO  o.s.b.d.e.DevToolsPropertyDefaultsPostProcessor - Devtools property defaults active! Set 'spring.devtools.add-properties' to 'false' to disable
2025-06-25 01:24:14 [restartedMain] INFO  o.s.b.d.e.DevToolsPropertyDefaultsPostProcessor - For additional web related logging consider setting the 'logging.level.web' property to 'DEBUG'
2025-06-25 01:24:16 [restartedMain] INFO  o.s.d.r.c.RepositoryConfigurationDelegate - Bootstrapping Spring Data JPA repositories in DEFAULT mode.
2025-06-25 01:24:16 [restartedMain] INFO  o.s.d.r.c.RepositoryConfigurationDelegate - Finished Spring Data repository scanning in 64 ms. Found 3 JPA repository interfaces.
2025-06-25 01:24:17 [restartedMain] INFO  o.s.b.w.e.tomcat.TomcatWebServer - Tomcat initialized with port 8083 (http)
2025-06-25 01:24:17 [restartedMain] INFO  o.a.catalina.core.StandardService - Starting service [Tomcat]
2025-06-25 01:24:17 [restartedMain] INFO  o.a.catalina.core.StandardEngine - Starting Servlet engine: [Apache Tomcat/10.1.41]
2025-06-25 01:24:17 [restartedMain] INFO  o.a.c.c.C.[.[.[/api/device] - Initializing Spring embedded WebApplicationContext
2025-06-25 01:24:17 [restartedMain] INFO  o.s.b.w.s.c.ServletWebServerApplicationContext - Root WebApplicationContext: initialization completed in 3093 ms
2025-06-25 01:24:18 [restartedMain] DEBUG c.g.c.c.c.JwtAuthenticationFilter - Filter 'jwtAuthenticationFilter' configured for use
2025-06-25 01:24:18 [restartedMain] INFO  com.zaxxer.hikari.HikariDataSource - HikariPool-DEVICE - Starting...
2025-06-25 01:24:19 [restartedMain] INFO  com.zaxxer.hikari.pool.HikariPool - HikariPool-DEVICE - Added connection org.postgresql.jdbc.PgConnection@50e0a432
2025-06-25 01:24:19 [restartedMain] INFO  com.zaxxer.hikari.HikariDataSource - HikariPool-DEVICE - Start completed.
2025-06-25 01:24:19 [restartedMain] INFO  org.flywaydb.core.FlywayExecutor - Database: jdbc:postgresql://ep-royal-bird-a1m9xsdr.ap-southeast-1.aws.neon.tech:5432/CEM_DB?sslmode=require (PostgreSQL 16.9)
2025-06-25 01:24:20 [restartedMain] INFO  o.f.core.internal.command.DbValidate - Successfully validated 2 migrations (execution time 00:00.259s)
2025-06-25 01:24:21 [restartedMain] INFO  o.f.core.internal.command.DbMigrate - Current version of schema "public": 1
2025-06-25 01:24:21 [restartedMain] INFO  o.f.core.internal.command.DbMigrate - Schema "public" is up to date. No migration necessary.
2025-06-25 01:24:22 [restartedMain] INFO  o.h.jpa.internal.util.LogHelper - HHH000204: Processing PersistenceUnitInfo [name: default]
2025-06-25 01:24:22 [restartedMain] INFO  org.hibernate.Version - HHH000412: Hibernate ORM core version 6.6.15.Final
2025-06-25 01:24:22 [restartedMain] INFO  o.h.c.i.RegionFactoryInitiator - HHH000026: Second-level cache disabled
2025-06-25 01:24:22 [restartedMain] INFO  o.s.o.j.p.SpringPersistenceUnitInfo - No LoadTimeWeaver setup: ignoring JPA class transformer
2025-06-25 01:24:23 [restartedMain] WARN  org.hibernate.orm.deprecation - HHH90000025: PostgreSQLDialect does not need to be specified explicitly using 'hibernate.dialect' (remove the property setting and it will be selected by default)
2025-06-25 01:24:23 [restartedMain] INFO  o.hibernate.orm.connections.pooling - HHH10001005: Database info:
	Database JDBC URL [Connecting through datasource 'HikariDataSource (HikariPool-DEVICE)']
	Database driver: undefined/unknown
	Database version: 16.9
	Autocommit mode: undefined/unknown
	Isolation level: undefined/unknown
	Minimum pool size: undefined/unknown
	Maximum pool size: undefined/unknown
2025-06-25 01:24:24 [restartedMain] INFO  o.h.e.t.j.p.i.JtaPlatformInitiator - HHH000489: No JTA platform available (set 'hibernate.transaction.jta.platform' to enable JTA platform integration)
2025-06-25 01:24:25 [restartedMain] INFO  o.s.o.j.LocalContainerEntityManagerFactoryBean - Initialized JPA EntityManagerFactory for persistence unit 'default'
2025-06-25 01:24:25 [restartedMain] INFO  o.s.d.j.r.query.QueryEnhancerFactory - Hibernate is in classpath; If applicable, HQL parser will be used.
2025-06-25 01:24:28 [restartedMain] INFO  o.s.b.a.e.web.EndpointLinksResolver - Exposing 3 endpoints beneath base path '/actuator'
2025-06-25 01:24:28 [restartedMain] WARN  o.s.b.a.s.s.UserDetailsServiceAutoConfiguration - 

Using generated security password: 21027a74-e682-48db-8ee8-583cbd8fdd9d

This generated password is for development use only. Your security configuration must be updated before running your application in production.

2025-06-25 01:24:28 [restartedMain] INFO  o.s.s.c.a.a.c.InitializeUserDetailsBeanManagerConfigurer$InitializeUserDetailsManagerConfigurer - Global AuthenticationManager configured with UserDetailsService bean with name inMemoryUserDetailsManager
2025-06-25 01:24:28 [restartedMain] DEBUG o.s.s.web.DefaultSecurityFilterChain - Will secure any request with filters: DisableEncodeUrlFilter, WebAsyncManagerIntegrationFilter, SecurityContextHolderFilter, HeaderWriterFilter, CorsFilter, LogoutFilter, JwtAuthenticationFilter, RequestCacheAwareFilter, SecurityContextHolderAwareRequestFilter, AnonymousAuthenticationFilter, SessionManagementFilter, ExceptionTranslationFilter, AuthorizationFilter
2025-06-25 01:24:29 [restartedMain] WARN  o.s.b.d.a.OptionalLiveReloadServer - Unable to start LiveReload server
2025-06-25 01:24:29 [restartedMain] INFO  o.s.b.w.e.tomcat.TomcatWebServer - Tomcat started on port 8083 (http) with context path '/api/device'
2025-06-25 01:24:29 [restartedMain] INFO  c.g.c.cemdevice.CemDeviceApplication - Started CemDeviceApplication in 15.432 seconds (process running for 16.14)
2025-06-25 01:29:42 [SpringApplicationShutdownHook] INFO  o.s.b.w.e.tomcat.GracefulShutdown - Commencing graceful shutdown. Waiting for active requests to complete
2025-06-25 01:29:44 [tomcat-shutdown] INFO  o.s.b.w.e.tomcat.GracefulShutdown - Graceful shutdown complete
2025-06-25 01:29:44 [SpringApplicationShutdownHook] INFO  o.s.o.j.LocalContainerEntityManagerFactoryBean - Closing JPA EntityManagerFactory for persistence unit 'default'
2025-06-25 01:29:44 [SpringApplicationShutdownHook] INFO  com.zaxxer.hikari.HikariDataSource - HikariPool-DEVICE - Shutdown initiated...
2025-06-25 01:29:44 [SpringApplicationShutdownHook] INFO  com.zaxxer.hikari.HikariDataSource - HikariPool-DEVICE - Shutdown completed.
2025-06-25 01:30:03 [restartedMain] INFO  c.g.c.cemdevice.CemDeviceApplication - Starting CemDeviceApplication using Java 17.0.11 with PID 15004 (D:\do-an\Viet\CEM-backend\CEM-device\target\classes started by Lom in D:\do-an\Viet\CEM-backend\CEM-device)
2025-06-25 01:30:03 [restartedMain] DEBUG c.g.c.cemdevice.CemDeviceApplication - Running with Spring Boot v3.5.0, Spring v6.2.7
2025-06-25 01:30:04 [restartedMain] INFO  c.g.c.cemdevice.CemDeviceApplication - No active profile set, falling back to 1 default profile: "default"
2025-06-25 01:30:04 [restartedMain] INFO  o.s.b.d.e.DevToolsPropertyDefaultsPostProcessor - Devtools property defaults active! Set 'spring.devtools.add-properties' to 'false' to disable
2025-06-25 01:30:04 [restartedMain] INFO  o.s.b.d.e.DevToolsPropertyDefaultsPostProcessor - For additional web related logging consider setting the 'logging.level.web' property to 'DEBUG'
2025-06-25 01:30:07 [restartedMain] INFO  o.s.d.r.c.RepositoryConfigurationDelegate - Bootstrapping Spring Data JPA repositories in DEFAULT mode.
2025-06-25 01:30:07 [restartedMain] INFO  o.s.d.r.c.RepositoryConfigurationDelegate - Finished Spring Data repository scanning in 86 ms. Found 3 JPA repository interfaces.
2025-06-25 01:30:08 [restartedMain] INFO  o.s.b.w.e.tomcat.TomcatWebServer - Tomcat initialized with port 8083 (http)
2025-06-25 01:30:08 [restartedMain] INFO  o.a.catalina.core.StandardService - Starting service [Tomcat]
2025-06-25 01:30:08 [restartedMain] INFO  o.a.catalina.core.StandardEngine - Starting Servlet engine: [Apache Tomcat/10.1.41]
2025-06-25 01:30:08 [restartedMain] INFO  o.a.c.c.C.[.[.[/api/device] - Initializing Spring embedded WebApplicationContext
2025-06-25 01:30:08 [restartedMain] INFO  o.s.b.w.s.c.ServletWebServerApplicationContext - Root WebApplicationContext: initialization completed in 4489 ms
2025-06-25 01:30:08 [restartedMain] DEBUG c.g.c.c.c.JwtAuthenticationFilter - Filter 'jwtAuthenticationFilter' configured for use
2025-06-25 01:30:09 [restartedMain] INFO  com.zaxxer.hikari.HikariDataSource - HikariPool-DEVICE - Starting...
2025-06-25 01:30:10 [restartedMain] INFO  com.zaxxer.hikari.pool.HikariPool - HikariPool-DEVICE - Added connection org.postgresql.jdbc.PgConnection@694cfbf3
2025-06-25 01:30:10 [restartedMain] INFO  com.zaxxer.hikari.HikariDataSource - HikariPool-DEVICE - Start completed.
2025-06-25 01:30:10 [restartedMain] INFO  org.flywaydb.core.FlywayExecutor - Database: jdbc:postgresql://ep-royal-bird-a1m9xsdr.ap-southeast-1.aws.neon.tech:5432/CEM_DB?sslmode=require (PostgreSQL 16.9)
2025-06-25 01:30:11 [restartedMain] INFO  o.f.core.internal.command.DbValidate - Successfully validated 2 migrations (execution time 00:00.273s)
2025-06-25 01:30:11 [restartedMain] INFO  o.f.core.internal.command.DbMigrate - Current version of schema "public": 1
2025-06-25 01:30:11 [restartedMain] INFO  o.f.core.internal.command.DbMigrate - Schema "public" is up to date. No migration necessary.
2025-06-25 01:30:12 [restartedMain] INFO  o.h.jpa.internal.util.LogHelper - HHH000204: Processing PersistenceUnitInfo [name: default]
2025-06-25 01:30:12 [restartedMain] INFO  org.hibernate.Version - HHH000412: Hibernate ORM core version 6.6.15.Final
2025-06-25 01:30:12 [restartedMain] INFO  o.h.c.i.RegionFactoryInitiator - HHH000026: Second-level cache disabled
2025-06-25 01:30:12 [restartedMain] INFO  o.s.o.j.p.SpringPersistenceUnitInfo - No LoadTimeWeaver setup: ignoring JPA class transformer
2025-06-25 01:30:12 [restartedMain] WARN  org.hibernate.orm.deprecation - HHH90000025: PostgreSQLDialect does not need to be specified explicitly using 'hibernate.dialect' (remove the property setting and it will be selected by default)
2025-06-25 01:30:13 [restartedMain] INFO  o.hibernate.orm.connections.pooling - HHH10001005: Database info:
	Database JDBC URL [Connecting through datasource 'HikariDataSource (HikariPool-DEVICE)']
	Database driver: undefined/unknown
	Database version: 16.9
	Autocommit mode: undefined/unknown
	Isolation level: undefined/unknown
	Minimum pool size: undefined/unknown
	Maximum pool size: undefined/unknown
2025-06-25 01:30:14 [restartedMain] INFO  o.h.e.t.j.p.i.JtaPlatformInitiator - HHH000489: No JTA platform available (set 'hibernate.transaction.jta.platform' to enable JTA platform integration)
2025-06-25 01:30:15 [restartedMain] INFO  o.s.o.j.LocalContainerEntityManagerFactoryBean - Initialized JPA EntityManagerFactory for persistence unit 'default'
2025-06-25 01:30:15 [restartedMain] INFO  o.s.d.j.r.query.QueryEnhancerFactory - Hibernate is in classpath; If applicable, HQL parser will be used.
2025-06-25 01:30:18 [restartedMain] INFO  o.s.b.a.e.web.EndpointLinksResolver - Exposing 3 endpoints beneath base path '/actuator'
2025-06-25 01:30:18 [restartedMain] WARN  o.s.b.a.s.s.UserDetailsServiceAutoConfiguration - 

Using generated security password: c618da39-16a2-4152-bafe-7b019dd43b06

This generated password is for development use only. Your security configuration must be updated before running your application in production.

2025-06-25 01:30:18 [restartedMain] INFO  o.s.s.c.a.a.c.InitializeUserDetailsBeanManagerConfigurer$InitializeUserDetailsManagerConfigurer - Global AuthenticationManager configured with UserDetailsService bean with name inMemoryUserDetailsManager
2025-06-25 01:30:18 [restartedMain] DEBUG o.s.s.web.DefaultSecurityFilterChain - Will secure any request with filters: DisableEncodeUrlFilter, WebAsyncManagerIntegrationFilter, SecurityContextHolderFilter, HeaderWriterFilter, CorsFilter, LogoutFilter, JwtAuthenticationFilter, RequestCacheAwareFilter, SecurityContextHolderAwareRequestFilter, AnonymousAuthenticationFilter, SessionManagementFilter, ExceptionTranslationFilter, AuthorizationFilter
2025-06-25 01:30:18 [restartedMain] WARN  o.s.b.d.a.OptionalLiveReloadServer - Unable to start LiveReload server
2025-06-25 01:30:19 [restartedMain] INFO  o.s.b.w.e.tomcat.TomcatWebServer - Tomcat started on port 8083 (http) with context path '/api/device'
2025-06-25 01:30:19 [restartedMain] INFO  c.g.c.cemdevice.CemDeviceApplication - Started CemDeviceApplication in 16.085 seconds (process running for 16.85)
2025-06-25 01:32:19 [SpringApplicationShutdownHook] INFO  o.s.b.w.e.tomcat.GracefulShutdown - Commencing graceful shutdown. Waiting for active requests to complete
2025-06-25 01:32:21 [tomcat-shutdown] INFO  o.s.b.w.e.tomcat.GracefulShutdown - Graceful shutdown complete
2025-06-25 01:32:21 [SpringApplicationShutdownHook] INFO  o.s.o.j.LocalContainerEntityManagerFactoryBean - Closing JPA EntityManagerFactory for persistence unit 'default'
2025-06-25 01:32:21 [SpringApplicationShutdownHook] INFO  com.zaxxer.hikari.HikariDataSource - HikariPool-DEVICE - Shutdown initiated...
2025-06-25 01:32:22 [SpringApplicationShutdownHook] INFO  com.zaxxer.hikari.HikariDataSource - HikariPool-DEVICE - Shutdown completed.
2025-06-25 01:40:21 [restartedMain] INFO  c.g.c.cemdevice.CemDeviceApplication - Starting CemDeviceApplication using Java 17.0.11 with PID 23760 (D:\do-an\Viet\CEM-backend\CEM-device\target\classes started by Lom in D:\do-an\Viet\CEM-backend\CEM-device)
2025-06-25 01:40:21 [restartedMain] DEBUG c.g.c.cemdevice.CemDeviceApplication - Running with Spring Boot v3.5.0, Spring v6.2.7
2025-06-25 01:40:21 [restartedMain] INFO  c.g.c.cemdevice.CemDeviceApplication - No active profile set, falling back to 1 default profile: "default"
2025-06-25 01:40:21 [restartedMain] INFO  o.s.b.d.e.DevToolsPropertyDefaultsPostProcessor - Devtools property defaults active! Set 'spring.devtools.add-properties' to 'false' to disable
2025-06-25 01:40:21 [restartedMain] INFO  o.s.b.d.e.DevToolsPropertyDefaultsPostProcessor - For additional web related logging consider setting the 'logging.level.web' property to 'DEBUG'
2025-06-25 01:40:23 [restartedMain] INFO  o.s.d.r.c.RepositoryConfigurationDelegate - Bootstrapping Spring Data JPA repositories in DEFAULT mode.
2025-06-25 01:40:23 [restartedMain] INFO  o.s.d.r.c.RepositoryConfigurationDelegate - Finished Spring Data repository scanning in 101 ms. Found 3 JPA repository interfaces.
2025-06-25 01:40:25 [restartedMain] INFO  o.s.b.w.e.tomcat.TomcatWebServer - Tomcat initialized with port 8083 (http)
2025-06-25 01:40:25 [restartedMain] INFO  o.a.catalina.core.StandardService - Starting service [Tomcat]
2025-06-25 01:40:25 [restartedMain] INFO  o.a.catalina.core.StandardEngine - Starting Servlet engine: [Apache Tomcat/10.1.41]
2025-06-25 01:40:25 [restartedMain] INFO  o.a.c.c.C.[.[.[/api/device] - Initializing Spring embedded WebApplicationContext
2025-06-25 01:40:25 [restartedMain] INFO  o.s.b.w.s.c.ServletWebServerApplicationContext - Root WebApplicationContext: initialization completed in 3875 ms
2025-06-25 01:40:25 [restartedMain] DEBUG c.g.c.c.c.JwtAuthenticationFilter - Filter 'jwtAuthenticationFilter' configured for use
2025-06-25 01:40:26 [restartedMain] INFO  com.zaxxer.hikari.HikariDataSource - HikariPool-DEVICE - Starting...
2025-06-25 01:40:27 [restartedMain] INFO  com.zaxxer.hikari.pool.HikariPool - HikariPool-DEVICE - Added connection org.postgresql.jdbc.PgConnection@372df7fc
2025-06-25 01:40:27 [restartedMain] INFO  com.zaxxer.hikari.HikariDataSource - HikariPool-DEVICE - Start completed.
2025-06-25 01:40:27 [restartedMain] INFO  org.flywaydb.core.FlywayExecutor - Database: jdbc:postgresql://ep-royal-bird-a1m9xsdr.ap-southeast-1.aws.neon.tech:5432/CEM_DB?sslmode=require (PostgreSQL 16.9)
2025-06-25 01:40:27 [restartedMain] INFO  o.f.core.internal.command.DbValidate - Successfully validated 2 migrations (execution time 00:00.223s)
2025-06-25 01:40:28 [restartedMain] INFO  o.f.core.internal.command.DbMigrate - Current version of schema "public": 1
2025-06-25 01:40:28 [restartedMain] INFO  o.f.core.internal.command.DbMigrate - Schema "public" is up to date. No migration necessary.
2025-06-25 01:40:28 [restartedMain] INFO  o.h.jpa.internal.util.LogHelper - HHH000204: Processing PersistenceUnitInfo [name: default]
2025-06-25 01:40:29 [restartedMain] INFO  org.hibernate.Version - HHH000412: Hibernate ORM core version 6.6.15.Final
2025-06-25 01:40:29 [restartedMain] INFO  o.h.c.i.RegionFactoryInitiator - HHH000026: Second-level cache disabled
2025-06-25 01:40:29 [restartedMain] INFO  o.s.o.j.p.SpringPersistenceUnitInfo - No LoadTimeWeaver setup: ignoring JPA class transformer
2025-06-25 01:40:29 [restartedMain] WARN  org.hibernate.orm.deprecation - HHH90000025: PostgreSQLDialect does not need to be specified explicitly using 'hibernate.dialect' (remove the property setting and it will be selected by default)
2025-06-25 01:40:29 [restartedMain] INFO  o.hibernate.orm.connections.pooling - HHH10001005: Database info:
	Database JDBC URL [Connecting through datasource 'HikariDataSource (HikariPool-DEVICE)']
	Database driver: undefined/unknown
	Database version: 16.9
	Autocommit mode: undefined/unknown
	Isolation level: undefined/unknown
	Minimum pool size: undefined/unknown
	Maximum pool size: undefined/unknown
2025-06-25 01:40:31 [restartedMain] INFO  o.h.e.t.j.p.i.JtaPlatformInitiator - HHH000489: No JTA platform available (set 'hibernate.transaction.jta.platform' to enable JTA platform integration)
2025-06-25 01:40:32 [restartedMain] INFO  o.s.o.j.LocalContainerEntityManagerFactoryBean - Initialized JPA EntityManagerFactory for persistence unit 'default'
2025-06-25 01:40:32 [restartedMain] INFO  o.s.d.j.r.query.QueryEnhancerFactory - Hibernate is in classpath; If applicable, HQL parser will be used.
2025-06-25 01:40:35 [restartedMain] INFO  o.s.b.a.e.web.EndpointLinksResolver - Exposing 3 endpoints beneath base path '/actuator'
2025-06-25 01:40:35 [restartedMain] WARN  o.s.b.a.s.s.UserDetailsServiceAutoConfiguration - 

Using generated security password: 2e1c8406-781b-42db-80fe-2301e06dabcb

This generated password is for development use only. Your security configuration must be updated before running your application in production.

2025-06-25 01:40:35 [restartedMain] INFO  o.s.s.c.a.a.c.InitializeUserDetailsBeanManagerConfigurer$InitializeUserDetailsManagerConfigurer - Global AuthenticationManager configured with UserDetailsService bean with name inMemoryUserDetailsManager
2025-06-25 01:40:35 [restartedMain] DEBUG o.s.s.web.DefaultSecurityFilterChain - Will secure any request with filters: DisableEncodeUrlFilter, WebAsyncManagerIntegrationFilter, SecurityContextHolderFilter, HeaderWriterFilter, CorsFilter, LogoutFilter, JwtAuthenticationFilter, RequestCacheAwareFilter, SecurityContextHolderAwareRequestFilter, AnonymousAuthenticationFilter, SessionManagementFilter, ExceptionTranslationFilter, AuthorizationFilter
2025-06-25 01:40:36 [restartedMain] WARN  o.s.b.d.a.OptionalLiveReloadServer - Unable to start LiveReload server
2025-06-25 01:40:36 [restartedMain] INFO  o.s.b.w.e.tomcat.TomcatWebServer - Tomcat started on port 8083 (http) with context path '/api/device'
2025-06-25 01:40:36 [restartedMain] INFO  c.g.c.cemdevice.CemDeviceApplication - Started CemDeviceApplication in 16.259 seconds (process running for 17.453)
2025-06-25 19:40:55 [restartedMain] INFO  c.g.c.cemdevice.CemDeviceApplication - Starting CemDeviceApplication using Java 17.0.11 with PID 20892 (D:\do-an\Viet\CEM-backend\CEM-device\target\classes started by Lom in D:\do-an\Viet\CEM-backend\CEM-device)
2025-06-25 19:40:55 [restartedMain] DEBUG c.g.c.cemdevice.CemDeviceApplication - Running with Spring Boot v3.5.0, Spring v6.2.7
2025-06-25 19:40:55 [restartedMain] INFO  c.g.c.cemdevice.CemDeviceApplication - No active profile set, falling back to 1 default profile: "default"
2025-06-25 19:40:55 [restartedMain] INFO  o.s.b.d.e.DevToolsPropertyDefaultsPostProcessor - Devtools property defaults active! Set 'spring.devtools.add-properties' to 'false' to disable
2025-06-25 19:40:55 [restartedMain] INFO  o.s.b.d.e.DevToolsPropertyDefaultsPostProcessor - For additional web related logging consider setting the 'logging.level.web' property to 'DEBUG'
2025-06-25 19:40:58 [restartedMain] INFO  o.s.d.r.c.RepositoryConfigurationDelegate - Bootstrapping Spring Data JPA repositories in DEFAULT mode.
2025-06-25 19:40:58 [restartedMain] INFO  o.s.d.r.c.RepositoryConfigurationDelegate - Finished Spring Data repository scanning in 91 ms. Found 3 JPA repository interfaces.
2025-06-25 19:41:00 [restartedMain] INFO  o.s.b.w.e.tomcat.TomcatWebServer - Tomcat initialized with port 8083 (http)
2025-06-25 19:41:00 [restartedMain] INFO  o.a.catalina.core.StandardService - Starting service [Tomcat]
2025-06-25 19:41:00 [restartedMain] INFO  o.a.catalina.core.StandardEngine - Starting Servlet engine: [Apache Tomcat/10.1.41]
2025-06-25 19:41:00 [restartedMain] INFO  o.a.c.c.C.[.[.[/api/device] - Initializing Spring embedded WebApplicationContext
2025-06-25 19:41:00 [restartedMain] INFO  o.s.b.w.s.c.ServletWebServerApplicationContext - Root WebApplicationContext: initialization completed in 4637 ms
2025-06-25 19:41:00 [restartedMain] DEBUG c.g.c.c.c.JwtAuthenticationFilter - Filter 'jwtAuthenticationFilter' configured for use
2025-06-25 19:41:00 [restartedMain] INFO  com.zaxxer.hikari.HikariDataSource - HikariPool-DEVICE - Starting...
2025-06-25 19:41:01 [restartedMain] INFO  com.zaxxer.hikari.pool.HikariPool - HikariPool-DEVICE - Added connection org.postgresql.jdbc.PgConnection@2d2fc4de
2025-06-25 19:41:01 [restartedMain] INFO  com.zaxxer.hikari.HikariDataSource - HikariPool-DEVICE - Start completed.
2025-06-25 19:41:01 [restartedMain] INFO  org.flywaydb.core.FlywayExecutor - Database: jdbc:postgresql://ep-royal-bird-a1m9xsdr.ap-southeast-1.aws.neon.tech:5432/CEM_DB?sslmode=require (PostgreSQL 16.9)
2025-06-25 19:41:02 [restartedMain] INFO  o.f.core.internal.command.DbValidate - Successfully validated 2 migrations (execution time 00:00.227s)
2025-06-25 19:41:04 [restartedMain] INFO  o.f.core.internal.command.DbMigrate - Current version of schema "public": 1
2025-06-25 19:41:04 [restartedMain] INFO  o.f.core.internal.command.DbMigrate - Schema "public" is up to date. No migration necessary.
2025-06-25 19:41:04 [restartedMain] INFO  o.h.jpa.internal.util.LogHelper - HHH000204: Processing PersistenceUnitInfo [name: default]
2025-06-25 19:41:04 [restartedMain] INFO  org.hibernate.Version - HHH000412: Hibernate ORM core version 6.6.15.Final
2025-06-25 19:41:04 [restartedMain] INFO  o.h.c.i.RegionFactoryInitiator - HHH000026: Second-level cache disabled
2025-06-25 19:41:05 [restartedMain] INFO  o.s.o.j.p.SpringPersistenceUnitInfo - No LoadTimeWeaver setup: ignoring JPA class transformer
2025-06-25 19:41:05 [restartedMain] WARN  org.hibernate.orm.deprecation - HHH90000025: PostgreSQLDialect does not need to be specified explicitly using 'hibernate.dialect' (remove the property setting and it will be selected by default)
2025-06-25 19:41:05 [restartedMain] INFO  o.hibernate.orm.connections.pooling - HHH10001005: Database info:
	Database JDBC URL [Connecting through datasource 'HikariDataSource (HikariPool-DEVICE)']
	Database driver: undefined/unknown
	Database version: 16.9
	Autocommit mode: undefined/unknown
	Isolation level: undefined/unknown
	Minimum pool size: undefined/unknown
	Maximum pool size: undefined/unknown
2025-06-25 19:41:07 [restartedMain] INFO  o.h.e.t.j.p.i.JtaPlatformInitiator - HHH000489: No JTA platform available (set 'hibernate.transaction.jta.platform' to enable JTA platform integration)
2025-06-25 19:41:08 [restartedMain] INFO  o.s.o.j.LocalContainerEntityManagerFactoryBean - Initialized JPA EntityManagerFactory for persistence unit 'default'
2025-06-25 19:41:08 [restartedMain] INFO  o.s.d.j.r.query.QueryEnhancerFactory - Hibernate is in classpath; If applicable, HQL parser will be used.
2025-06-25 19:41:11 [restartedMain] INFO  o.s.b.a.e.web.EndpointLinksResolver - Exposing 3 endpoints beneath base path '/actuator'
2025-06-25 19:41:12 [restartedMain] WARN  o.s.b.a.s.s.UserDetailsServiceAutoConfiguration - 

Using generated security password: 3ded775f-21fb-457f-98f9-373ff873b90b

This generated password is for development use only. Your security configuration must be updated before running your application in production.

2025-06-25 19:41:12 [restartedMain] INFO  o.s.s.c.a.a.c.InitializeUserDetailsBeanManagerConfigurer$InitializeUserDetailsManagerConfigurer - Global AuthenticationManager configured with UserDetailsService bean with name inMemoryUserDetailsManager
2025-06-25 19:41:12 [restartedMain] DEBUG o.s.s.web.DefaultSecurityFilterChain - Will secure any request with filters: DisableEncodeUrlFilter, WebAsyncManagerIntegrationFilter, SecurityContextHolderFilter, HeaderWriterFilter, CorsFilter, LogoutFilter, JwtAuthenticationFilter, RequestCacheAwareFilter, SecurityContextHolderAwareRequestFilter, AnonymousAuthenticationFilter, SessionManagementFilter, ExceptionTranslationFilter, AuthorizationFilter
2025-06-25 19:41:12 [restartedMain] WARN  o.s.b.d.a.OptionalLiveReloadServer - Unable to start LiveReload server
2025-06-25 19:41:12 [restartedMain] INFO  o.s.b.w.e.tomcat.TomcatWebServer - Tomcat started on port 8083 (http) with context path '/api/device'
2025-06-25 19:41:12 [restartedMain] INFO  c.g.c.cemdevice.CemDeviceApplication - Started CemDeviceApplication in 18.009 seconds (process running for 19.01)
2025-06-25 19:47:11 [SpringApplicationShutdownHook] INFO  o.s.b.w.e.tomcat.GracefulShutdown - Commencing graceful shutdown. Waiting for active requests to complete
2025-06-25 19:47:12 [tomcat-shutdown] INFO  o.s.b.w.e.tomcat.GracefulShutdown - Graceful shutdown complete
2025-06-25 19:47:12 [SpringApplicationShutdownHook] INFO  o.s.o.j.LocalContainerEntityManagerFactoryBean - Closing JPA EntityManagerFactory for persistence unit 'default'
2025-06-25 19:47:12 [SpringApplicationShutdownHook] INFO  com.zaxxer.hikari.HikariDataSource - HikariPool-DEVICE - Shutdown initiated...
2025-06-25 19:47:13 [SpringApplicationShutdownHook] INFO  com.zaxxer.hikari.HikariDataSource - HikariPool-DEVICE - Shutdown completed.
2025-06-25 19:47:30 [restartedMain] INFO  c.g.c.cemdevice.CemDeviceApplication - Starting CemDeviceApplication using Java 17.0.11 with PID 17512 (D:\do-an\Viet\CEM-backend\CEM-device\target\classes started by Lom in D:\do-an\Viet\CEM-backend\CEM-device)
2025-06-25 19:47:30 [restartedMain] DEBUG c.g.c.cemdevice.CemDeviceApplication - Running with Spring Boot v3.5.0, Spring v6.2.7
2025-06-25 19:47:30 [restartedMain] INFO  c.g.c.cemdevice.CemDeviceApplication - No active profile set, falling back to 1 default profile: "default"
2025-06-25 19:47:30 [restartedMain] INFO  o.s.b.d.e.DevToolsPropertyDefaultsPostProcessor - Devtools property defaults active! Set 'spring.devtools.add-properties' to 'false' to disable
2025-06-25 19:47:30 [restartedMain] INFO  o.s.b.d.e.DevToolsPropertyDefaultsPostProcessor - For additional web related logging consider setting the 'logging.level.web' property to 'DEBUG'
2025-06-25 19:47:32 [restartedMain] INFO  o.s.d.r.c.RepositoryConfigurationDelegate - Bootstrapping Spring Data JPA repositories in DEFAULT mode.
2025-06-25 19:47:33 [restartedMain] INFO  o.s.d.r.c.RepositoryConfigurationDelegate - Finished Spring Data repository scanning in 65 ms. Found 3 JPA repository interfaces.
2025-06-25 19:47:34 [restartedMain] INFO  o.s.b.w.e.tomcat.TomcatWebServer - Tomcat initialized with port 8083 (http)
2025-06-25 19:47:34 [restartedMain] INFO  o.a.catalina.core.StandardService - Starting service [Tomcat]
2025-06-25 19:47:34 [restartedMain] INFO  o.a.catalina.core.StandardEngine - Starting Servlet engine: [Apache Tomcat/10.1.41]
2025-06-25 19:47:34 [restartedMain] INFO  o.a.c.c.C.[.[.[/api/device] - Initializing Spring embedded WebApplicationContext
2025-06-25 19:47:34 [restartedMain] INFO  o.s.b.w.s.c.ServletWebServerApplicationContext - Root WebApplicationContext: initialization completed in 3678 ms
2025-06-25 19:47:34 [restartedMain] DEBUG c.g.c.c.c.JwtAuthenticationFilter - Filter 'jwtAuthenticationFilter' configured for use
2025-06-25 19:47:35 [restartedMain] INFO  com.zaxxer.hikari.HikariDataSource - HikariPool-DEVICE - Starting...
2025-06-25 19:47:36 [restartedMain] INFO  com.zaxxer.hikari.pool.HikariPool - HikariPool-DEVICE - Added connection org.postgresql.jdbc.PgConnection@2f18b1b6
2025-06-25 19:47:36 [restartedMain] INFO  com.zaxxer.hikari.HikariDataSource - HikariPool-DEVICE - Start completed.
2025-06-25 19:47:36 [restartedMain] INFO  org.flywaydb.core.FlywayExecutor - Database: jdbc:postgresql://ep-royal-bird-a1m9xsdr.ap-southeast-1.aws.neon.tech:5432/CEM_DB?sslmode=require (PostgreSQL 16.9)
2025-06-25 19:47:36 [restartedMain] INFO  o.f.core.internal.command.DbValidate - Successfully validated 2 migrations (execution time 00:00.238s)
2025-06-25 19:47:37 [restartedMain] INFO  o.f.core.internal.command.DbMigrate - Current version of schema "public": 1
2025-06-25 19:47:37 [restartedMain] INFO  o.f.core.internal.command.DbMigrate - Schema "public" is up to date. No migration necessary.
2025-06-25 19:47:38 [restartedMain] INFO  o.h.jpa.internal.util.LogHelper - HHH000204: Processing PersistenceUnitInfo [name: default]
2025-06-25 19:47:38 [restartedMain] INFO  org.hibernate.Version - HHH000412: Hibernate ORM core version 6.6.15.Final
2025-06-25 19:47:38 [restartedMain] INFO  o.h.c.i.RegionFactoryInitiator - HHH000026: Second-level cache disabled
2025-06-25 19:47:38 [restartedMain] INFO  o.s.o.j.p.SpringPersistenceUnitInfo - No LoadTimeWeaver setup: ignoring JPA class transformer
2025-06-25 19:47:38 [restartedMain] WARN  org.hibernate.orm.deprecation - HHH90000025: PostgreSQLDialect does not need to be specified explicitly using 'hibernate.dialect' (remove the property setting and it will be selected by default)
2025-06-25 19:47:38 [restartedMain] INFO  o.hibernate.orm.connections.pooling - HHH10001005: Database info:
	Database JDBC URL [Connecting through datasource 'HikariDataSource (HikariPool-DEVICE)']
	Database driver: undefined/unknown
	Database version: 16.9
	Autocommit mode: undefined/unknown
	Isolation level: undefined/unknown
	Minimum pool size: undefined/unknown
	Maximum pool size: undefined/unknown
2025-06-25 19:47:39 [restartedMain] INFO  o.h.e.t.j.p.i.JtaPlatformInitiator - HHH000489: No JTA platform available (set 'hibernate.transaction.jta.platform' to enable JTA platform integration)
2025-06-25 19:47:40 [restartedMain] INFO  o.s.o.j.LocalContainerEntityManagerFactoryBean - Initialized JPA EntityManagerFactory for persistence unit 'default'
2025-06-25 19:47:41 [restartedMain] INFO  o.s.d.j.r.query.QueryEnhancerFactory - Hibernate is in classpath; If applicable, HQL parser will be used.
2025-06-25 19:47:44 [restartedMain] INFO  o.s.b.a.e.web.EndpointLinksResolver - Exposing 3 endpoints beneath base path '/actuator'
2025-06-25 19:47:44 [restartedMain] WARN  o.s.b.a.s.s.UserDetailsServiceAutoConfiguration - 

Using generated security password: f0a5eb21-42c2-40e1-bdb0-47054b144625

This generated password is for development use only. Your security configuration must be updated before running your application in production.

2025-06-25 19:47:44 [restartedMain] INFO  o.s.s.c.a.a.c.InitializeUserDetailsBeanManagerConfigurer$InitializeUserDetailsManagerConfigurer - Global AuthenticationManager configured with UserDetailsService bean with name inMemoryUserDetailsManager
2025-06-25 19:47:44 [restartedMain] DEBUG o.s.s.web.DefaultSecurityFilterChain - Will secure any request with filters: DisableEncodeUrlFilter, WebAsyncManagerIntegrationFilter, SecurityContextHolderFilter, HeaderWriterFilter, CorsFilter, LogoutFilter, JwtAuthenticationFilter, RequestCacheAwareFilter, SecurityContextHolderAwareRequestFilter, AnonymousAuthenticationFilter, SessionManagementFilter, ExceptionTranslationFilter, AuthorizationFilter
2025-06-25 19:47:45 [restartedMain] WARN  o.s.b.d.a.OptionalLiveReloadServer - Unable to start LiveReload server
2025-06-25 19:47:45 [restartedMain] INFO  o.s.b.w.e.tomcat.TomcatWebServer - Tomcat started on port 8083 (http) with context path '/api/device'
2025-06-25 19:47:45 [restartedMain] INFO  c.g.c.cemdevice.CemDeviceApplication - Started CemDeviceApplication in 15.793 seconds (process running for 16.633)
2025-06-25 19:48:18 [File Watcher] INFO  o.s.b.d.a.LocalDevToolsAutoConfiguration$RestartingClassPathChangeChangedEventListener - Restarting due to 1 class path change (0 additions, 0 deletions, 1 modification)
2025-06-25 19:48:18 [Thread-1] INFO  o.s.b.w.e.tomcat.GracefulShutdown - Commencing graceful shutdown. Waiting for active requests to complete
2025-06-25 19:48:19 [tomcat-shutdown] INFO  o.s.b.w.e.tomcat.GracefulShutdown - Graceful shutdown complete
2025-06-25 19:48:19 [Thread-1] INFO  o.s.o.j.LocalContainerEntityManagerFactoryBean - Closing JPA EntityManagerFactory for persistence unit 'default'
2025-06-25 19:48:19 [Thread-1] INFO  com.zaxxer.hikari.HikariDataSource - HikariPool-DEVICE - Shutdown initiated...
2025-06-25 19:48:19 [Thread-1] INFO  com.zaxxer.hikari.HikariDataSource - HikariPool-DEVICE - Shutdown completed.
2025-06-25 19:48:19 [restartedMain] INFO  c.g.c.cemdevice.CemDeviceApplication - Starting CemDeviceApplication using Java 17.0.11 with PID 17512 (D:\do-an\Viet\CEM-backend\CEM-device\target\classes started by Lom in D:\do-an\Viet\CEM-backend\CEM-device)
2025-06-25 19:48:19 [restartedMain] DEBUG c.g.c.cemdevice.CemDeviceApplication - Running with Spring Boot v3.5.0, Spring v6.2.7
2025-06-25 19:48:19 [restartedMain] INFO  c.g.c.cemdevice.CemDeviceApplication - No active profile set, falling back to 1 default profile: "default"
2025-06-25 19:48:19 [restartedMain] INFO  o.s.d.r.c.RepositoryConfigurationDelegate - Bootstrapping Spring Data JPA repositories in DEFAULT mode.
2025-06-25 19:48:19 [restartedMain] INFO  o.s.d.r.c.RepositoryConfigurationDelegate - Finished Spring Data repository scanning in 10 ms. Found 3 JPA repository interfaces.
2025-06-25 19:48:20 [restartedMain] INFO  o.s.b.w.e.tomcat.TomcatWebServer - Tomcat initialized with port 8083 (http)
2025-06-25 19:48:20 [restartedMain] INFO  o.a.catalina.core.StandardService - Starting service [Tomcat]
2025-06-25 19:48:20 [restartedMain] INFO  o.a.catalina.core.StandardEngine - Starting Servlet engine: [Apache Tomcat/10.1.41]
2025-06-25 19:48:20 [restartedMain] INFO  o.a.c.c.C.[.[.[/api/device] - Initializing Spring embedded WebApplicationContext
2025-06-25 19:48:20 [restartedMain] INFO  o.s.b.w.s.c.ServletWebServerApplicationContext - Root WebApplicationContext: initialization completed in 497 ms
2025-06-25 19:48:20 [restartedMain] DEBUG c.g.c.c.c.JwtAuthenticationFilter - Filter 'jwtAuthenticationFilter' configured for use
2025-06-25 19:48:20 [restartedMain] INFO  com.zaxxer.hikari.HikariDataSource - HikariPool-DEVICE - Starting...
2025-06-25 19:48:20 [restartedMain] INFO  com.zaxxer.hikari.pool.HikariPool - HikariPool-DEVICE - Added connection org.postgresql.jdbc.PgConnection@ad3e1f0
2025-06-25 19:48:20 [restartedMain] INFO  com.zaxxer.hikari.HikariDataSource - HikariPool-DEVICE - Start completed.
2025-06-25 19:48:20 [restartedMain] INFO  org.flywaydb.core.FlywayExecutor - Database: jdbc:postgresql://ep-royal-bird-a1m9xsdr.ap-southeast-1.aws.neon.tech:5432/CEM_DB?sslmode=require (PostgreSQL 16.9)
2025-06-25 19:48:21 [restartedMain] INFO  o.f.core.internal.command.DbValidate - Successfully validated 2 migrations (execution time 00:00.213s)
2025-06-25 19:48:22 [restartedMain] INFO  o.f.core.internal.command.DbMigrate - Current version of schema "public": 1
2025-06-25 19:48:22 [restartedMain] INFO  o.f.core.internal.command.DbMigrate - Schema "public" is up to date. No migration necessary.
2025-06-25 19:48:22 [restartedMain] INFO  o.h.jpa.internal.util.LogHelper - HHH000204: Processing PersistenceUnitInfo [name: default]
2025-06-25 19:48:22 [restartedMain] INFO  o.h.c.i.RegionFactoryInitiator - HHH000026: Second-level cache disabled
2025-06-25 19:48:22 [restartedMain] INFO  o.s.o.j.p.SpringPersistenceUnitInfo - No LoadTimeWeaver setup: ignoring JPA class transformer
2025-06-25 19:48:22 [restartedMain] WARN  org.hibernate.orm.deprecation - HHH90000025: PostgreSQLDialect does not need to be specified explicitly using 'hibernate.dialect' (remove the property setting and it will be selected by default)
2025-06-25 19:48:22 [restartedMain] INFO  o.hibernate.orm.connections.pooling - HHH10001005: Database info:
	Database JDBC URL [Connecting through datasource 'HikariDataSource (HikariPool-DEVICE)']
	Database driver: undefined/unknown
	Database version: 16.9
	Autocommit mode: undefined/unknown
	Isolation level: undefined/unknown
	Minimum pool size: undefined/unknown
	Maximum pool size: undefined/unknown
2025-06-25 19:48:22 [restartedMain] INFO  o.h.e.t.j.p.i.JtaPlatformInitiator - HHH000489: No JTA platform available (set 'hibernate.transaction.jta.platform' to enable JTA platform integration)
2025-06-25 19:48:23 [restartedMain] INFO  o.s.o.j.LocalContainerEntityManagerFactoryBean - Initialized JPA EntityManagerFactory for persistence unit 'default'
2025-06-25 19:48:24 [restartedMain] INFO  o.s.b.a.e.web.EndpointLinksResolver - Exposing 3 endpoints beneath base path '/actuator'
2025-06-25 19:48:24 [restartedMain] WARN  o.s.b.a.s.s.UserDetailsServiceAutoConfiguration - 

Using generated security password: d0909570-8eca-4c5a-83ad-ddd3bb934b1d

This generated password is for development use only. Your security configuration must be updated before running your application in production.

2025-06-25 19:48:24 [restartedMain] INFO  o.s.s.c.a.a.c.InitializeUserDetailsBeanManagerConfigurer$InitializeUserDetailsManagerConfigurer - Global AuthenticationManager configured with UserDetailsService bean with name inMemoryUserDetailsManager
2025-06-25 19:48:24 [restartedMain] DEBUG o.s.s.web.DefaultSecurityFilterChain - Will secure any request with filters: DisableEncodeUrlFilter, WebAsyncManagerIntegrationFilter, SecurityContextHolderFilter, HeaderWriterFilter, CorsFilter, LogoutFilter, JwtAuthenticationFilter, RequestCacheAwareFilter, SecurityContextHolderAwareRequestFilter, AnonymousAuthenticationFilter, SessionManagementFilter, ExceptionTranslationFilter, AuthorizationFilter
2025-06-25 19:48:24 [restartedMain] WARN  o.s.b.d.a.OptionalLiveReloadServer - Unable to start LiveReload server
2025-06-25 19:48:24 [restartedMain] INFO  o.s.b.w.e.tomcat.TomcatWebServer - Tomcat started on port 8083 (http) with context path '/api/device'
2025-06-25 19:48:24 [restartedMain] INFO  c.g.c.cemdevice.CemDeviceApplication - Started CemDeviceApplication in 4.832 seconds (process running for 55.532)
2025-06-25 19:48:24 [restartedMain] INFO  o.s.b.d.a.ConditionEvaluationDeltaLoggingListener - Condition evaluation unchanged
2025-06-25 19:50:19 [SpringApplicationShutdownHook] INFO  o.s.b.w.e.tomcat.GracefulShutdown - Commencing graceful shutdown. Waiting for active requests to complete
2025-06-25 19:50:21 [tomcat-shutdown] INFO  o.s.b.w.e.tomcat.GracefulShutdown - Graceful shutdown complete
2025-06-25 19:50:21 [SpringApplicationShutdownHook] INFO  o.s.o.j.LocalContainerEntityManagerFactoryBean - Closing JPA EntityManagerFactory for persistence unit 'default'
2025-06-25 19:50:21 [SpringApplicationShutdownHook] INFO  com.zaxxer.hikari.HikariDataSource - HikariPool-DEVICE - Shutdown initiated...
2025-06-25 19:50:21 [SpringApplicationShutdownHook] INFO  com.zaxxer.hikari.HikariDataSource - HikariPool-DEVICE - Shutdown completed.
2025-06-25 19:52:57 [restartedMain] INFO  c.g.c.cemdevice.CemDeviceApplication - Starting CemDeviceApplication using Java 17.0.11 with PID 23060 (D:\do-an\Viet\CEM-backend\CEM-device\target\classes started by Lom in D:\do-an\Viet\CEM-backend\CEM-device)
2025-06-25 19:52:57 [restartedMain] DEBUG c.g.c.cemdevice.CemDeviceApplication - Running with Spring Boot v3.5.0, Spring v6.2.7
2025-06-25 19:52:57 [restartedMain] INFO  c.g.c.cemdevice.CemDeviceApplication - No active profile set, falling back to 1 default profile: "default"
2025-06-25 19:52:57 [restartedMain] INFO  o.s.b.d.e.DevToolsPropertyDefaultsPostProcessor - Devtools property defaults active! Set 'spring.devtools.add-properties' to 'false' to disable
2025-06-25 19:52:57 [restartedMain] INFO  o.s.b.d.e.DevToolsPropertyDefaultsPostProcessor - For additional web related logging consider setting the 'logging.level.web' property to 'DEBUG'
2025-06-25 19:52:59 [restartedMain] INFO  o.s.d.r.c.RepositoryConfigurationDelegate - Bootstrapping Spring Data JPA repositories in DEFAULT mode.
2025-06-25 19:52:59 [restartedMain] INFO  o.s.d.r.c.RepositoryConfigurationDelegate - Finished Spring Data repository scanning in 64 ms. Found 3 JPA repository interfaces.
2025-06-25 19:53:00 [restartedMain] INFO  o.s.b.w.e.tomcat.TomcatWebServer - Tomcat initialized with port 8083 (http)
2025-06-25 19:53:00 [restartedMain] INFO  o.a.catalina.core.StandardService - Starting service [Tomcat]
2025-06-25 19:53:00 [restartedMain] INFO  o.a.catalina.core.StandardEngine - Starting Servlet engine: [Apache Tomcat/10.1.41]
2025-06-25 19:53:00 [restartedMain] INFO  o.a.c.c.C.[.[.[/api/device] - Initializing Spring embedded WebApplicationContext
2025-06-25 19:53:00 [restartedMain] INFO  o.s.b.w.s.c.ServletWebServerApplicationContext - Root WebApplicationContext: initialization completed in 3313 ms
2025-06-25 19:53:00 [restartedMain] DEBUG c.g.c.c.c.JwtAuthenticationFilter - Filter 'jwtAuthenticationFilter' configured for use
2025-06-25 19:53:01 [restartedMain] INFO  com.zaxxer.hikari.HikariDataSource - HikariPool-DEVICE - Starting...
2025-06-25 19:53:02 [restartedMain] INFO  com.zaxxer.hikari.pool.HikariPool - HikariPool-DEVICE - Added connection org.postgresql.jdbc.PgConnection@73c0f93c
2025-06-25 19:53:02 [restartedMain] INFO  com.zaxxer.hikari.HikariDataSource - HikariPool-DEVICE - Start completed.
2025-06-25 19:53:02 [restartedMain] INFO  org.flywaydb.core.FlywayExecutor - Database: jdbc:postgresql://ep-royal-bird-a1m9xsdr.ap-southeast-1.aws.neon.tech:5432/CEM_DB?sslmode=require (PostgreSQL 16.9)
2025-06-25 19:53:02 [restartedMain] INFO  o.f.core.internal.command.DbValidate - Successfully validated 2 migrations (execution time 00:00.220s)
2025-06-25 19:53:03 [restartedMain] INFO  o.f.core.internal.command.DbMigrate - Current version of schema "public": 1
2025-06-25 19:53:03 [restartedMain] INFO  o.f.core.internal.command.DbMigrate - Schema "public" is up to date. No migration necessary.
2025-06-25 19:53:04 [restartedMain] INFO  o.h.jpa.internal.util.LogHelper - HHH000204: Processing PersistenceUnitInfo [name: default]
2025-06-25 19:53:04 [restartedMain] INFO  org.hibernate.Version - HHH000412: Hibernate ORM core version 6.6.15.Final
2025-06-25 19:53:04 [restartedMain] INFO  o.h.c.i.RegionFactoryInitiator - HHH000026: Second-level cache disabled
2025-06-25 19:53:04 [restartedMain] INFO  o.s.o.j.p.SpringPersistenceUnitInfo - No LoadTimeWeaver setup: ignoring JPA class transformer
2025-06-25 19:53:04 [restartedMain] WARN  org.hibernate.orm.deprecation - HHH90000025: PostgreSQLDialect does not need to be specified explicitly using 'hibernate.dialect' (remove the property setting and it will be selected by default)
2025-06-25 19:53:04 [restartedMain] INFO  o.hibernate.orm.connections.pooling - HHH10001005: Database info:
	Database JDBC URL [Connecting through datasource 'HikariDataSource (HikariPool-DEVICE)']
	Database driver: undefined/unknown
	Database version: 16.9
	Autocommit mode: undefined/unknown
	Isolation level: undefined/unknown
	Minimum pool size: undefined/unknown
	Maximum pool size: undefined/unknown
2025-06-25 19:53:05 [restartedMain] INFO  o.h.e.t.j.p.i.JtaPlatformInitiator - HHH000489: No JTA platform available (set 'hibernate.transaction.jta.platform' to enable JTA platform integration)
2025-06-25 19:53:06 [restartedMain] INFO  o.s.o.j.LocalContainerEntityManagerFactoryBean - Initialized JPA EntityManagerFactory for persistence unit 'default'
2025-06-25 19:53:07 [restartedMain] INFO  o.s.d.j.r.query.QueryEnhancerFactory - Hibernate is in classpath; If applicable, HQL parser will be used.
2025-06-25 19:53:10 [restartedMain] INFO  o.s.b.a.e.web.EndpointLinksResolver - Exposing 3 endpoints beneath base path '/actuator'
2025-06-25 19:53:10 [restartedMain] WARN  o.s.b.a.s.s.UserDetailsServiceAutoConfiguration - 

Using generated security password: 9cbbe332-3337-4e81-a4c8-01d95152bce3

This generated password is for development use only. Your security configuration must be updated before running your application in production.

2025-06-25 19:53:10 [restartedMain] INFO  o.s.s.c.a.a.c.InitializeUserDetailsBeanManagerConfigurer$InitializeUserDetailsManagerConfigurer - Global AuthenticationManager configured with UserDetailsService bean with name inMemoryUserDetailsManager
2025-06-25 19:53:10 [restartedMain] DEBUG o.s.s.web.DefaultSecurityFilterChain - Will secure any request with filters: DisableEncodeUrlFilter, WebAsyncManagerIntegrationFilter, SecurityContextHolderFilter, HeaderWriterFilter, CorsFilter, LogoutFilter, JwtAuthenticationFilter, RequestCacheAwareFilter, SecurityContextHolderAwareRequestFilter, AnonymousAuthenticationFilter, SessionManagementFilter, ExceptionTranslationFilter, AuthorizationFilter
2025-06-25 19:53:11 [restartedMain] WARN  o.s.b.d.a.OptionalLiveReloadServer - Unable to start LiveReload server
2025-06-25 19:53:11 [restartedMain] INFO  o.s.b.w.e.tomcat.TomcatWebServer - Tomcat started on port 8083 (http) with context path '/api/device'
2025-06-25 19:53:11 [restartedMain] INFO  c.g.c.cemdevice.CemDeviceApplication - Started CemDeviceApplication in 15.239 seconds (process running for 16.043)
2025-06-25 20:12:05 [SpringApplicationShutdownHook] INFO  o.s.b.w.e.tomcat.GracefulShutdown - Commencing graceful shutdown. Waiting for active requests to complete
2025-06-25 20:12:06 [tomcat-shutdown] INFO  o.s.b.w.e.tomcat.GracefulShutdown - Graceful shutdown complete
2025-06-25 20:12:06 [SpringApplicationShutdownHook] INFO  o.s.o.j.LocalContainerEntityManagerFactoryBean - Closing JPA EntityManagerFactory for persistence unit 'default'
2025-06-25 20:12:06 [SpringApplicationShutdownHook] INFO  com.zaxxer.hikari.HikariDataSource - HikariPool-DEVICE - Shutdown initiated...
2025-06-25 20:12:06 [SpringApplicationShutdownHook] INFO  com.zaxxer.hikari.HikariDataSource - HikariPool-DEVICE - Shutdown completed.
2025-06-25 20:12:33 [restartedMain] INFO  c.g.c.cemdevice.CemDeviceApplication - Starting CemDeviceApplication using Java 17.0.11 with PID 21332 (D:\do-an\Viet\CEM-backend\CEM-device\target\classes started by Lom in D:\do-an\Viet\CEM-backend\CEM-device)
2025-06-25 20:12:33 [restartedMain] DEBUG c.g.c.cemdevice.CemDeviceApplication - Running with Spring Boot v3.5.0, Spring v6.2.7
2025-06-25 20:12:33 [restartedMain] INFO  c.g.c.cemdevice.CemDeviceApplication - No active profile set, falling back to 1 default profile: "default"
2025-06-25 20:12:33 [restartedMain] INFO  o.s.b.d.e.DevToolsPropertyDefaultsPostProcessor - Devtools property defaults active! Set 'spring.devtools.add-properties' to 'false' to disable
2025-06-25 20:12:33 [restartedMain] INFO  o.s.b.d.e.DevToolsPropertyDefaultsPostProcessor - For additional web related logging consider setting the 'logging.level.web' property to 'DEBUG'
2025-06-25 20:12:35 [restartedMain] INFO  o.s.d.r.c.RepositoryConfigurationDelegate - Bootstrapping Spring Data JPA repositories in DEFAULT mode.
2025-06-25 20:12:35 [restartedMain] INFO  o.s.d.r.c.RepositoryConfigurationDelegate - Finished Spring Data repository scanning in 66 ms. Found 3 JPA repository interfaces.
2025-06-25 20:12:36 [restartedMain] INFO  o.s.b.w.e.tomcat.TomcatWebServer - Tomcat initialized with port 8083 (http)
2025-06-25 20:12:36 [restartedMain] INFO  o.a.catalina.core.StandardService - Starting service [Tomcat]
2025-06-25 20:12:36 [restartedMain] INFO  o.a.catalina.core.StandardEngine - Starting Servlet engine: [Apache Tomcat/10.1.41]
2025-06-25 20:12:36 [restartedMain] INFO  o.a.c.c.C.[.[.[/api/device] - Initializing Spring embedded WebApplicationContext
2025-06-25 20:12:36 [restartedMain] INFO  o.s.b.w.s.c.ServletWebServerApplicationContext - Root WebApplicationContext: initialization completed in 3393 ms
2025-06-25 20:12:37 [restartedMain] DEBUG c.g.c.c.c.JwtAuthenticationFilter - Filter 'jwtAuthenticationFilter' configured for use
2025-06-25 20:12:37 [restartedMain] INFO  com.zaxxer.hikari.HikariDataSource - HikariPool-DEVICE - Starting...
2025-06-25 20:12:38 [restartedMain] INFO  com.zaxxer.hikari.pool.HikariPool - HikariPool-DEVICE - Added connection org.postgresql.jdbc.PgConnection@35e3214e
2025-06-25 20:12:38 [restartedMain] INFO  com.zaxxer.hikari.HikariDataSource - HikariPool-DEVICE - Start completed.
2025-06-25 20:12:38 [restartedMain] INFO  org.flywaydb.core.FlywayExecutor - Database: jdbc:postgresql://ep-royal-bird-a1m9xsdr.ap-southeast-1.aws.neon.tech:5432/CEM_DB?sslmode=require (PostgreSQL 16.9)
2025-06-25 20:12:39 [restartedMain] INFO  o.f.core.internal.command.DbValidate - Successfully validated 2 migrations (execution time 00:00.295s)
2025-06-25 20:12:40 [restartedMain] INFO  o.f.core.internal.command.DbMigrate - Current version of schema "public": 1
2025-06-25 20:12:40 [restartedMain] INFO  o.f.core.internal.command.DbMigrate - Schema "public" is up to date. No migration necessary.
2025-06-25 20:12:41 [restartedMain] INFO  o.h.jpa.internal.util.LogHelper - HHH000204: Processing PersistenceUnitInfo [name: default]
2025-06-25 20:12:41 [restartedMain] INFO  org.hibernate.Version - HHH000412: Hibernate ORM core version 6.6.15.Final
2025-06-25 20:12:41 [restartedMain] INFO  o.h.c.i.RegionFactoryInitiator - HHH000026: Second-level cache disabled
2025-06-25 20:12:41 [restartedMain] INFO  o.s.o.j.p.SpringPersistenceUnitInfo - No LoadTimeWeaver setup: ignoring JPA class transformer
2025-06-25 20:12:41 [restartedMain] WARN  org.hibernate.orm.deprecation - HHH90000025: PostgreSQLDialect does not need to be specified explicitly using 'hibernate.dialect' (remove the property setting and it will be selected by default)
2025-06-25 20:12:42 [restartedMain] INFO  o.hibernate.orm.connections.pooling - HHH10001005: Database info:
	Database JDBC URL [Connecting through datasource 'HikariDataSource (HikariPool-DEVICE)']
	Database driver: undefined/unknown
	Database version: 16.9
	Autocommit mode: undefined/unknown
	Isolation level: undefined/unknown
	Minimum pool size: undefined/unknown
	Maximum pool size: undefined/unknown
2025-06-25 20:12:43 [restartedMain] INFO  o.h.e.t.j.p.i.JtaPlatformInitiator - HHH000489: No JTA platform available (set 'hibernate.transaction.jta.platform' to enable JTA platform integration)
2025-06-25 20:12:45 [restartedMain] INFO  o.s.o.j.LocalContainerEntityManagerFactoryBean - Initialized JPA EntityManagerFactory for persistence unit 'default'
2025-06-25 20:12:45 [restartedMain] INFO  o.s.d.j.r.query.QueryEnhancerFactory - Hibernate is in classpath; If applicable, HQL parser will be used.
2025-06-25 20:12:48 [restartedMain] INFO  o.s.b.a.e.web.EndpointLinksResolver - Exposing 3 endpoints beneath base path '/actuator'
2025-06-25 20:12:48 [restartedMain] WARN  o.s.b.a.s.s.UserDetailsServiceAutoConfiguration - 

Using generated security password: a5076960-3dfc-4ebc-afba-1ef653517a0f

This generated password is for development use only. Your security configuration must be updated before running your application in production.

2025-06-25 20:12:48 [restartedMain] INFO  o.s.s.c.a.a.c.InitializeUserDetailsBeanManagerConfigurer$InitializeUserDetailsManagerConfigurer - Global AuthenticationManager configured with UserDetailsService bean with name inMemoryUserDetailsManager
2025-06-25 20:12:48 [restartedMain] DEBUG o.s.s.web.DefaultSecurityFilterChain - Will secure any request with filters: DisableEncodeUrlFilter, WebAsyncManagerIntegrationFilter, SecurityContextHolderFilter, HeaderWriterFilter, CorsFilter, LogoutFilter, JwtAuthenticationFilter, RequestCacheAwareFilter, SecurityContextHolderAwareRequestFilter, AnonymousAuthenticationFilter, SessionManagementFilter, ExceptionTranslationFilter, AuthorizationFilter
2025-06-25 20:12:48 [restartedMain] WARN  o.s.b.d.a.OptionalLiveReloadServer - Unable to start LiveReload server
2025-06-25 20:12:49 [restartedMain] INFO  o.s.b.w.e.tomcat.TomcatWebServer - Tomcat started on port 8083 (http) with context path '/api/device'
2025-06-25 20:12:49 [restartedMain] INFO  c.g.c.cemdevice.CemDeviceApplication - Started CemDeviceApplication in 16.89 seconds (process running for 17.883)
