
  .   ____          _            __ _ _
 /\\ / ___'_ __ _ _(_)_ __  __ _ \ \ \ \
( ( )\___ | '_ | '_| | '_ \/ _` | \ \ \ \
 \\/  ___)| |_)| | | | | || (_| |  ) ) ) )
  '  |____| .__|_| |_|_| |_\__, | / / / /
 =========|_|==============|___/=/_/_/_/

 :: Spring Boot ::                (v3.5.0)

2025-06-25 20:12:33 - Starting CemDeviceApplication using Java 17.0.11 with PID 21332 (D:\do-an\Viet\CEM-backend\CEM-device\target\classes started by Lom in D:\do-an\Viet\CEM-backend\CEM-device)
2025-06-25 20:12:33 - Running with Spring Boot v3.5.0, Spring v6.2.7
2025-06-25 20:12:33 - No active profile set, falling back to 1 default profile: "default"
2025-06-25 20:12:33 - Devtools property defaults active! Set 'spring.devtools.add-properties' to 'false' to disable
2025-06-25 20:12:33 - For additional web related logging consider setting the 'logging.level.web' property to 'DEBUG'
2025-06-25 20:12:35 - Bootstrapping Spring Data JPA repositories in DEFAULT mode.
2025-06-25 20:12:35 - Finished Spring Data repository scanning in 66 ms. Found 3 JPA repository interfaces.
2025-06-25 20:12:36 - Tomcat initialized with port 8083 (http)
2025-06-25 20:12:36 - Starting service [Tomcat]
2025-06-25 20:12:36 - Starting Servlet engine: [Apache Tomcat/10.1.41]
2025-06-25 20:12:36 - Initializing Spring embedded WebApplicationContext
2025-06-25 20:12:36 - Root WebApplicationContext: initialization completed in 3393 ms
2025-06-25 20:12:37 - Filter 'jwtAuthenticationFilter' configured for use
2025-06-25 20:12:37 - HikariPool-DEVICE - Starting...
2025-06-25 20:12:38 - HikariPool-DEVICE - Added connection org.postgresql.jdbc.PgConnection@35e3214e
2025-06-25 20:12:38 - HikariPool-DEVICE - Start completed.
2025-06-25 20:12:38 - Database: jdbc:postgresql://ep-royal-bird-a1m9xsdr.ap-southeast-1.aws.neon.tech:5432/CEM_DB?sslmode=require (PostgreSQL 16.9)
2025-06-25 20:12:39 - Successfully validated 2 migrations (execution time 00:00.295s)
2025-06-25 20:12:40 - Current version of schema "public": 1
2025-06-25 20:12:40 - Schema "public" is up to date. No migration necessary.
2025-06-25 20:12:41 - HHH000204: Processing PersistenceUnitInfo [name: default]
2025-06-25 20:12:41 - HHH000412: Hibernate ORM core version 6.6.15.Final
2025-06-25 20:12:41 - HHH000026: Second-level cache disabled
2025-06-25 20:12:41 - No LoadTimeWeaver setup: ignoring JPA class transformer
2025-06-25 20:12:41 - HHH90000025: PostgreSQLDialect does not need to be specified explicitly using 'hibernate.dialect' (remove the property setting and it will be selected by default)
2025-06-25 20:12:42 - HHH10001005: Database info:
	Database JDBC URL [Connecting through datasource 'HikariDataSource (HikariPool-DEVICE)']
	Database driver: undefined/unknown
	Database version: 16.9
	Autocommit mode: undefined/unknown
	Isolation level: undefined/unknown
	Minimum pool size: undefined/unknown
	Maximum pool size: undefined/unknown
2025-06-25 20:12:43 - HHH000489: No JTA platform available (set 'hibernate.transaction.jta.platform' to enable JTA platform integration)
2025-06-25 20:12:45 - Initialized JPA EntityManagerFactory for persistence unit 'default'
2025-06-25 20:12:45 - Hibernate is in classpath; If applicable, HQL parser will be used.
2025-06-25 20:12:48 - Exposing 3 endpoints beneath base path '/actuator'
2025-06-25 20:12:48 - 

Using generated security password: a5076960-3dfc-4ebc-afba-1ef653517a0f

This generated password is for development use only. Your security configuration must be updated before running your application in production.

2025-06-25 20:12:48 - Global AuthenticationManager configured with UserDetailsService bean with name inMemoryUserDetailsManager
2025-06-25 20:12:48 - Will secure any request with filters: DisableEncodeUrlFilter, WebAsyncManagerIntegrationFilter, SecurityContextHolderFilter, HeaderWriterFilter, CorsFilter, LogoutFilter, JwtAuthenticationFilter, RequestCacheAwareFilter, SecurityContextHolderAwareRequestFilter, AnonymousAuthenticationFilter, SessionManagementFilter, ExceptionTranslationFilter, AuthorizationFilter
2025-06-25 20:12:48 - Unable to start LiveReload server
2025-06-25 20:12:49 - Tomcat started on port 8083 (http) with context path '/api/device'
2025-06-25 20:12:49 - Started CemDeviceApplication in 16.89 seconds (process running for 17.883)
2025-06-25 20:22:20 - Restarting due to 1 class path change (0 additions, 0 deletions, 1 modification)
2025-06-25 20:22:20 - Commencing graceful shutdown. Waiting for active requests to complete
2025-06-25 20:22:22 - Graceful shutdown complete
2025-06-25 20:22:22 - Closing JPA EntityManagerFactory for persistence unit 'default'
2025-06-25 20:22:22 - HikariPool-DEVICE - Shutdown initiated...
2025-06-25 20:22:22 - HikariPool-DEVICE - Shutdown completed.

  .   ____          _            __ _ _
 /\\ / ___'_ __ _ _(_)_ __  __ _ \ \ \ \
( ( )\___ | '_ | '_| | '_ \/ _` | \ \ \ \
 \\/  ___)| |_)| | | | | || (_| |  ) ) ) )
  '  |____| .__|_| |_|_| |_\__, | / / / /
 =========|_|==============|___/=/_/_/_/

 :: Spring Boot ::                (v3.5.0)

2025-06-25 20:22:22 - Starting CemDeviceApplication using Java 17.0.11 with PID 21332 (D:\do-an\Viet\CEM-backend\CEM-device\target\classes started by Lom in D:\do-an\Viet\CEM-backend\CEM-device)
2025-06-25 20:22:22 - Running with Spring Boot v3.5.0, Spring v6.2.7
2025-06-25 20:22:22 - No active profile set, falling back to 1 default profile: "default"
2025-06-25 20:22:23 - Bootstrapping Spring Data JPA repositories in DEFAULT mode.
2025-06-25 20:22:23 - Finished Spring Data repository scanning in 12 ms. Found 3 JPA repository interfaces.
2025-06-25 20:22:23 - Tomcat initialized with port 8083 (http)
2025-06-25 20:22:23 - Starting service [Tomcat]
2025-06-25 20:22:23 - Starting Servlet engine: [Apache Tomcat/10.1.41]
2025-06-25 20:22:23 - Initializing Spring embedded WebApplicationContext
2025-06-25 20:22:23 - Root WebApplicationContext: initialization completed in 1061 ms
2025-06-25 20:22:24 - Filter 'jwtAuthenticationFilter' configured for use
2025-06-25 20:22:24 - HikariPool-DEVICE - Starting...
2025-06-25 20:22:24 - HikariPool-DEVICE - Added connection org.postgresql.jdbc.PgConnection@20f48234
2025-06-25 20:22:24 - HikariPool-DEVICE - Start completed.
2025-06-25 20:22:24 - Database: jdbc:postgresql://ep-royal-bird-a1m9xsdr.ap-southeast-1.aws.neon.tech:5432/CEM_DB?sslmode=require (PostgreSQL 16.9)
2025-06-25 20:22:25 - Successfully validated 2 migrations (execution time 00:00.276s)
2025-06-25 20:22:26 - Current version of schema "public": 1
2025-06-25 20:22:26 - Schema "public" is up to date. No migration necessary.
2025-06-25 20:22:26 - HHH000204: Processing PersistenceUnitInfo [name: default]
2025-06-25 20:22:26 - HHH000026: Second-level cache disabled
2025-06-25 20:22:26 - No LoadTimeWeaver setup: ignoring JPA class transformer
2025-06-25 20:22:27 - HHH90000025: PostgreSQLDialect does not need to be specified explicitly using 'hibernate.dialect' (remove the property setting and it will be selected by default)
2025-06-25 20:22:27 - HHH10001005: Database info:
	Database JDBC URL [Connecting through datasource 'HikariDataSource (HikariPool-DEVICE)']
	Database driver: undefined/unknown
	Database version: 16.9
	Autocommit mode: undefined/unknown
	Isolation level: undefined/unknown
	Minimum pool size: undefined/unknown
	Maximum pool size: undefined/unknown
2025-06-25 20:22:27 - HHH000489: No JTA platform available (set 'hibernate.transaction.jta.platform' to enable JTA platform integration)
2025-06-25 20:22:28 - Initialized JPA EntityManagerFactory for persistence unit 'default'
2025-06-25 20:22:28 - Exposing 3 endpoints beneath base path '/actuator'
2025-06-25 20:22:28 - 

Using generated security password: 70c1731a-52e9-48de-b73f-b20339c50e2f

This generated password is for development use only. Your security configuration must be updated before running your application in production.

2025-06-25 20:22:28 - Global AuthenticationManager configured with UserDetailsService bean with name inMemoryUserDetailsManager
2025-06-25 20:22:28 - Will secure any request with filters: DisableEncodeUrlFilter, WebAsyncManagerIntegrationFilter, SecurityContextHolderFilter, HeaderWriterFilter, CorsFilter, LogoutFilter, JwtAuthenticationFilter, RequestCacheAwareFilter, SecurityContextHolderAwareRequestFilter, AnonymousAuthenticationFilter, SessionManagementFilter, ExceptionTranslationFilter, AuthorizationFilter
2025-06-25 20:22:28 - Unable to start LiveReload server
2025-06-25 20:22:28 - Tomcat started on port 8083 (http) with context path '/api/device'
2025-06-25 20:22:28 - Started CemDeviceApplication in 6.092 seconds (process running for 597.706)
2025-06-25 20:22:28 - Condition evaluation unchanged
