2025-06-15 07:57:57 [restartedMain] INFO  c.g.c.c.CemGatewayApplication - Starting CemGatewayApplication using Java 17.0.11 with PID 12316 (D:\do-an\Viet\Backend\CEM-gateway\target\classes started by Lom in D:\do-an\Viet\Backend\CEM-gateway)
2025-06-15 07:57:57 [restartedMain] DEBUG c.g.c.c.CemGatewayApplication - Running with Spring Boot v3.5.0, Spring v6.2.7
2025-06-15 07:57:57 [restartedMain] INFO  c.g.c.c.CemGatewayApplication - No active profile set, falling back to 1 default profile: "default"
2025-06-15 07:57:57 [restartedMain] INFO  o.s.b.d.e.DevToolsPropertyDefaultsPostProcessor - Devtools property defaults active! Set 'spring.devtools.add-properties' to 'false' to disable
2025-06-15 07:57:57 [restartedMain] INFO  o.s.b.d.e.DevToolsPropertyDefaultsPostProcessor - For additional web related logging consider setting the 'logging.level.web' property to 'DEBUG'
2025-06-15 07:57:59 [restartedMain] INFO  o.s.d.r.c.RepositoryConfigurationDelegate - Bootstrapping Spring Data JPA repositories in DEFAULT mode.
2025-06-15 07:57:59 [restartedMain] INFO  o.s.d.r.c.RepositoryConfigurationDelegate - Finished Spring Data repository scanning in 8 ms. Found 0 JPA repository interfaces.
2025-06-15 07:57:59 [restartedMain] INFO  o.s.cloud.context.scope.GenericScope - BeanFactory id=7e8fdd8c-e2ae-3dac-aa1c-0f774dc66ef4
2025-06-15 07:58:00 [restartedMain] INFO  o.s.b.w.e.tomcat.TomcatWebServer - Tomcat initialized with port 8080 (http)
2025-06-15 07:58:00 [restartedMain] INFO  o.a.catalina.core.StandardService - Starting service [Tomcat]
2025-06-15 07:58:00 [restartedMain] INFO  o.a.catalina.core.StandardEngine - Starting Servlet engine: [Apache Tomcat/10.1.41]
2025-06-15 07:58:00 [restartedMain] INFO  o.a.c.c.C.[.[localhost].[/api] - Initializing Spring embedded WebApplicationContext
2025-06-15 07:58:00 [restartedMain] INFO  o.s.b.w.s.c.ServletWebServerApplicationContext - Root WebApplicationContext: initialization completed in 2728 ms
2025-06-15 07:58:01 [restartedMain] INFO  o.h.jpa.internal.util.LogHelper - HHH000204: Processing PersistenceUnitInfo [name: default]
2025-06-15 07:58:01 [restartedMain] INFO  org.hibernate.Version - HHH000412: Hibernate ORM core version 6.6.15.Final
2025-06-15 07:58:01 [restartedMain] INFO  o.h.c.i.RegionFactoryInitiator - HHH000026: Second-level cache disabled
2025-06-15 07:58:01 [restartedMain] INFO  o.s.o.j.p.SpringPersistenceUnitInfo - No LoadTimeWeaver setup: ignoring JPA class transformer
2025-06-15 07:58:01 [restartedMain] INFO  com.zaxxer.hikari.HikariDataSource - HikariPool-GATEWAY - Starting...
2025-06-15 07:58:02 [restartedMain] INFO  com.zaxxer.hikari.pool.HikariPool - HikariPool-GATEWAY - Added connection org.postgresql.jdbc.PgConnection@39b033a
2025-06-15 07:58:02 [restartedMain] INFO  com.zaxxer.hikari.HikariDataSource - HikariPool-GATEWAY - Start completed.
2025-06-15 07:58:02 [restartedMain] WARN  org.hibernate.orm.deprecation - HHH90000025: PostgreSQLDialect does not need to be specified explicitly using 'hibernate.dialect' (remove the property setting and it will be selected by default)
2025-06-15 07:58:02 [restartedMain] INFO  o.hibernate.orm.connections.pooling - HHH10001005: Database info:
	Database JDBC URL [Connecting through datasource 'HikariDataSource (HikariPool-GATEWAY)']
	Database driver: undefined/unknown
	Database version: 16.9
	Autocommit mode: undefined/unknown
	Isolation level: undefined/unknown
	Minimum pool size: undefined/unknown
	Maximum pool size: undefined/unknown
2025-06-15 07:58:02 [restartedMain] INFO  o.h.e.t.j.p.i.JtaPlatformInitiator - HHH000489: No JTA platform available (set 'hibernate.transaction.jta.platform' to enable JTA platform integration)
2025-06-15 07:58:02 [restartedMain] INFO  o.s.o.j.LocalContainerEntityManagerFactoryBean - Initialized JPA EntityManagerFactory for persistence unit 'default'
2025-06-15 07:58:05 [restartedMain] WARN  o.s.b.a.s.s.UserDetailsServiceAutoConfiguration - 

Using generated security password: 31a0df01-c59c-4213-ad06-90dec55de523

This generated password is for development use only. Your security configuration must be updated before running your application in production.

2025-06-15 07:58:05 [restartedMain] INFO  o.s.s.c.a.a.c.InitializeUserDetailsBeanManagerConfigurer$InitializeUserDetailsManagerConfigurer - Global AuthenticationManager configured with UserDetailsService bean with name inMemoryUserDetailsManager
2025-06-15 07:58:05 [restartedMain] INFO  o.s.b.a.e.web.EndpointLinksResolver - Exposing 3 endpoints beneath base path '/actuator'
2025-06-15 07:58:05 [restartedMain] DEBUG o.s.s.web.DefaultSecurityFilterChain - Will secure any request with filters: DisableEncodeUrlFilter, WebAsyncManagerIntegrationFilter, SecurityContextHolderFilter, HeaderWriterFilter, CorsFilter, CsrfFilter, LogoutFilter, UsernamePasswordAuthenticationFilter, DefaultResourcesFilter, DefaultLoginPageGeneratingFilter, DefaultLogoutPageGeneratingFilter, BasicAuthenticationFilter, RequestCacheAwareFilter, SecurityContextHolderAwareRequestFilter, AnonymousAuthenticationFilter, ExceptionTranslationFilter, AuthorizationFilter
2025-06-15 07:58:06 [restartedMain] WARN  o.s.b.d.a.OptionalLiveReloadServer - Unable to start LiveReload server
2025-06-15 07:58:07 [restartedMain] WARN  o.s.c.l.c.LoadBalancerCacheAutoConfiguration$LoadBalancerCaffeineWarnLogger - Spring Cloud LoadBalancer is currently working with the default cache. While this cache implementation is useful for development and tests, it's recommended to use Caffeine cache in production.You can switch to using Caffeine cache, by adding it and org.springframework.cache.caffeine.CaffeineCacheManager to the classpath.
2025-06-15 07:58:07 [restartedMain] INFO  o.s.c.n.eureka.InstanceInfoFactory - Setting initial instance status as: STARTING
2025-06-15 07:58:07 [restartedMain] ERROR o.s.c.n.e.s.EurekaRegistration - error getting CloudEurekaClient
org.springframework.beans.factory.UnsatisfiedDependencyException: Error creating bean with name 'scopedTarget.eurekaClient' defined in class path resource [org/springframework/cloud/netflix/eureka/EurekaClientAutoConfiguration$RefreshableEurekaClientConfiguration.class]: Unsatisfied dependency expressed through method 'eurekaClient' parameter 3: No qualifying bean of type 'com.netflix.discovery.shared.transport.jersey.TransportClientFactories<?>' available: expected at least 1 bean which qualifies as autowire candidate. Dependency annotations: {}
	at org.springframework.beans.factory.support.ConstructorResolver.createArgumentArray(ConstructorResolver.java:804)
	at org.springframework.beans.factory.support.ConstructorResolver.instantiateUsingFactoryMethod(ConstructorResolver.java:546)
	at org.springframework.beans.factory.support.AbstractAutowireCapableBeanFactory.instantiateUsingFactoryMethod(AbstractAutowireCapableBeanFactory.java:1375)
	at org.springframework.beans.factory.support.AbstractAutowireCapableBeanFactory.createBeanInstance(AbstractAutowireCapableBeanFactory.java:1205)
	at org.springframework.beans.factory.support.AbstractAutowireCapableBeanFactory.doCreateBean(AbstractAutowireCapableBeanFactory.java:569)
	at org.springframework.beans.factory.support.AbstractAutowireCapableBeanFactory.createBean(AbstractAutowireCapableBeanFactory.java:529)
	at org.springframework.beans.factory.support.AbstractBeanFactory.lambda$doGetBean$1(AbstractBeanFactory.java:378)
	at org.springframework.cloud.context.scope.GenericScope$BeanLifecycleWrapper.getBean(GenericScope.java:373)
	at org.springframework.cloud.context.scope.GenericScope.get(GenericScope.java:177)
	at org.springframework.beans.factory.support.AbstractBeanFactory.doGetBean(AbstractBeanFactory.java:375)
	at org.springframework.beans.factory.support.AbstractBeanFactory.getBean(AbstractBeanFactory.java:202)
	at org.springframework.aop.target.SimpleBeanTargetSource.getTarget(SimpleBeanTargetSource.java:35)
	at org.springframework.cloud.netflix.eureka.serviceregistry.EurekaRegistration.getTargetObject(EurekaRegistration.java:128)
	at org.springframework.cloud.netflix.eureka.serviceregistry.EurekaRegistration.getEurekaClient(EurekaRegistration.java:116)
	at java.base/jdk.internal.reflect.NativeMethodAccessorImpl.invoke0(Native Method)
	at java.base/jdk.internal.reflect.NativeMethodAccessorImpl.invoke(NativeMethodAccessorImpl.java:77)
	at java.base/jdk.internal.reflect.DelegatingMethodAccessorImpl.invoke(DelegatingMethodAccessorImpl.java:43)
	at java.base/java.lang.reflect.Method.invoke(Method.java:568)
	at org.springframework.util.ReflectionUtils.invokeMethod(ReflectionUtils.java:281)
	at org.springframework.cloud.context.scope.GenericScope$LockedScopedProxyFactoryBean.invoke(GenericScope.java:480)
	at org.springframework.aop.framework.ReflectiveMethodInvocation.proceed(ReflectiveMethodInvocation.java:184)
	at org.springframework.aop.framework.CglibAopProxy$DynamicAdvisedInterceptor.intercept(CglibAopProxy.java:728)
	at org.springframework.cloud.netflix.eureka.serviceregistry.EurekaRegistration$$SpringCGLIB$$0.getEurekaClient(<generated>)
	at org.springframework.cloud.netflix.eureka.serviceregistry.EurekaServiceRegistry.maybeInitializeClient(EurekaServiceRegistry.java:83)
	at org.springframework.cloud.netflix.eureka.serviceregistry.EurekaServiceRegistry.register(EurekaServiceRegistry.java:66)
	at org.springframework.cloud.netflix.eureka.serviceregistry.EurekaAutoServiceRegistration.start(EurekaAutoServiceRegistration.java:89)
	at org.springframework.context.support.DefaultLifecycleProcessor.doStart(DefaultLifecycleProcessor.java:405)
	at org.springframework.context.support.DefaultLifecycleProcessor.doStart(DefaultLifecycleProcessor.java:394)
	at org.springframework.context.support.DefaultLifecycleProcessor$LifecycleGroup.start(DefaultLifecycleProcessor.java:586)
	at java.base/java.lang.Iterable.forEach(Iterable.java:75)
	at org.springframework.context.support.DefaultLifecycleProcessor.startBeans(DefaultLifecycleProcessor.java:364)
	at org.springframework.context.support.DefaultLifecycleProcessor.onRefresh(DefaultLifecycleProcessor.java:310)
	at org.springframework.context.support.AbstractApplicationContext.finishRefresh(AbstractApplicationContext.java:1006)
	at org.springframework.context.support.AbstractApplicationContext.refresh(AbstractApplicationContext.java:630)
	at org.springframework.boot.web.servlet.context.ServletWebServerApplicationContext.refresh(ServletWebServerApplicationContext.java:146)
	at org.springframework.boot.SpringApplication.refresh(SpringApplication.java:753)
	at org.springframework.boot.SpringApplication.refreshContext(SpringApplication.java:439)
	at org.springframework.boot.SpringApplication.run(SpringApplication.java:318)
	at org.springframework.boot.SpringApplication.run(SpringApplication.java:1362)
	at org.springframework.boot.SpringApplication.run(SpringApplication.java:1351)
	at com.g47.cem.cemgateway.CemGatewayApplication.main(CemGatewayApplication.java:14)
	at java.base/jdk.internal.reflect.NativeMethodAccessorImpl.invoke0(Native Method)
	at java.base/jdk.internal.reflect.NativeMethodAccessorImpl.invoke(NativeMethodAccessorImpl.java:77)
	at java.base/jdk.internal.reflect.DelegatingMethodAccessorImpl.invoke(DelegatingMethodAccessorImpl.java:43)
	at java.base/java.lang.reflect.Method.invoke(Method.java:568)
	at org.springframework.boot.devtools.restart.RestartLauncher.run(RestartLauncher.java:50)
Caused by: org.springframework.beans.factory.NoSuchBeanDefinitionException: No qualifying bean of type 'com.netflix.discovery.shared.transport.jersey.TransportClientFactories<?>' available: expected at least 1 bean which qualifies as autowire candidate. Dependency annotations: {}
	at org.springframework.beans.factory.support.DefaultListableBeanFactory.raiseNoMatchingBeanFound(DefaultListableBeanFactory.java:2280)
	at org.springframework.beans.factory.support.DefaultListableBeanFactory.doResolveDependency(DefaultListableBeanFactory.java:1703)
	at org.springframework.beans.factory.support.DefaultListableBeanFactory.resolveDependency(DefaultListableBeanFactory.java:1628)
	at org.springframework.beans.factory.support.ConstructorResolver.resolveAutowiredArgument(ConstructorResolver.java:913)
	at org.springframework.beans.factory.support.ConstructorResolver.createArgumentArray(ConstructorResolver.java:791)
	... 45 common frames omitted
2025-06-15 07:58:07 [restartedMain] WARN  o.s.b.w.s.c.AnnotationConfigServletWebServerApplicationContext - Exception encountered during context initialization - cancelling refresh attempt: org.springframework.context.ApplicationContextException: Failed to start bean 'eurekaAutoServiceRegistration'
2025-06-15 07:58:07 [restartedMain] INFO  o.s.o.j.LocalContainerEntityManagerFactoryBean - Closing JPA EntityManagerFactory for persistence unit 'default'
2025-06-15 07:58:07 [restartedMain] INFO  com.zaxxer.hikari.HikariDataSource - HikariPool-GATEWAY - Shutdown initiated...
2025-06-15 07:58:07 [restartedMain] INFO  com.zaxxer.hikari.HikariDataSource - HikariPool-GATEWAY - Shutdown completed.
2025-06-15 07:58:07 [restartedMain] WARN  o.s.b.c.p.m.PropertiesMigrationListener - 
The use of configuration keys that have been renamed was found in the environment:

Property source 'Config resource 'class path resource [application.yml]' via location 'optional:classpath:/'':
	Key: management.metrics.export.prometheus.enabled
		Line: 129
		Replacement: management.prometheus.metrics.export.enabled


Each configuration key has been temporarily mapped to its replacement for your convenience. To silence this warning, please update your configuration to use the new keys.

2025-06-15 07:58:07 [restartedMain] INFO  o.s.b.a.l.ConditionEvaluationReportLogger - 

Error starting ApplicationContext. To display the condition evaluation report re-run your application with 'debug' enabled.
2025-06-15 07:58:07 [restartedMain] ERROR o.s.boot.SpringApplication - Application run failed
org.springframework.context.ApplicationContextException: Failed to start bean 'eurekaAutoServiceRegistration'
	at org.springframework.context.support.DefaultLifecycleProcessor.doStart(DefaultLifecycleProcessor.java:408)
	at org.springframework.context.support.DefaultLifecycleProcessor.doStart(DefaultLifecycleProcessor.java:394)
	at org.springframework.context.support.DefaultLifecycleProcessor$LifecycleGroup.start(DefaultLifecycleProcessor.java:586)
	at java.base/java.lang.Iterable.forEach(Iterable.java:75)
	at org.springframework.context.support.DefaultLifecycleProcessor.startBeans(DefaultLifecycleProcessor.java:364)
	at org.springframework.context.support.DefaultLifecycleProcessor.onRefresh(DefaultLifecycleProcessor.java:310)
	at org.springframework.context.support.AbstractApplicationContext.finishRefresh(AbstractApplicationContext.java:1006)
	at org.springframework.context.support.AbstractApplicationContext.refresh(AbstractApplicationContext.java:630)
	at org.springframework.boot.web.servlet.context.ServletWebServerApplicationContext.refresh(ServletWebServerApplicationContext.java:146)
	at org.springframework.boot.SpringApplication.refresh(SpringApplication.java:753)
	at org.springframework.boot.SpringApplication.refreshContext(SpringApplication.java:439)
	at org.springframework.boot.SpringApplication.run(SpringApplication.java:318)
	at org.springframework.boot.SpringApplication.run(SpringApplication.java:1362)
	at org.springframework.boot.SpringApplication.run(SpringApplication.java:1351)
	at com.g47.cem.cemgateway.CemGatewayApplication.main(CemGatewayApplication.java:14)
	at java.base/jdk.internal.reflect.NativeMethodAccessorImpl.invoke0(Native Method)
	at java.base/jdk.internal.reflect.NativeMethodAccessorImpl.invoke(NativeMethodAccessorImpl.java:77)
	at java.base/jdk.internal.reflect.DelegatingMethodAccessorImpl.invoke(DelegatingMethodAccessorImpl.java:43)
	at java.base/java.lang.reflect.Method.invoke(Method.java:568)
	at org.springframework.boot.devtools.restart.RestartLauncher.run(RestartLauncher.java:50)
Caused by: java.lang.NullPointerException: Cannot invoke "org.springframework.cloud.netflix.eureka.CloudEurekaClient.getApplications()" because the return value of "org.springframework.cloud.netflix.eureka.serviceregistry.EurekaRegistration.getEurekaClient()" is null
	at org.springframework.cloud.netflix.eureka.serviceregistry.EurekaServiceRegistry.maybeInitializeClient(EurekaServiceRegistry.java:83)
	at org.springframework.cloud.netflix.eureka.serviceregistry.EurekaServiceRegistry.register(EurekaServiceRegistry.java:66)
	at org.springframework.cloud.netflix.eureka.serviceregistry.EurekaAutoServiceRegistration.start(EurekaAutoServiceRegistration.java:89)
	at org.springframework.context.support.DefaultLifecycleProcessor.doStart(DefaultLifecycleProcessor.java:405)
	... 19 common frames omitted
2025-06-15 08:02:49 [restartedMain] INFO  c.g.c.c.CemGatewayApplication - Starting CemGatewayApplication using Java 17.0.11 with PID 7080 (D:\do-an\Viet\Backend\CEM-gateway\target\classes started by Lom in D:\do-an\Viet\Backend\CEM-gateway)
2025-06-15 08:02:49 [restartedMain] DEBUG c.g.c.c.CemGatewayApplication - Running with Spring Boot v3.5.0, Spring v6.2.7
2025-06-15 08:02:49 [restartedMain] INFO  c.g.c.c.CemGatewayApplication - No active profile set, falling back to 1 default profile: "default"
2025-06-15 08:02:50 [restartedMain] INFO  o.s.b.d.e.DevToolsPropertyDefaultsPostProcessor - Devtools property defaults active! Set 'spring.devtools.add-properties' to 'false' to disable
2025-06-15 08:02:50 [restartedMain] INFO  o.s.b.d.e.DevToolsPropertyDefaultsPostProcessor - For additional web related logging consider setting the 'logging.level.web' property to 'DEBUG'
2025-06-15 08:02:51 [restartedMain] INFO  o.s.cloud.context.scope.GenericScope - BeanFactory id=263361f5-819e-3ed6-8b9b-ba2b3b6d4bb7
2025-06-15 08:02:52 [restartedMain] INFO  o.s.b.w.e.tomcat.TomcatWebServer - Tomcat initialized with port 8080 (http)
2025-06-15 08:02:52 [restartedMain] INFO  o.a.catalina.core.StandardService - Starting service [Tomcat]
2025-06-15 08:02:52 [restartedMain] INFO  o.a.catalina.core.StandardEngine - Starting Servlet engine: [Apache Tomcat/10.1.41]
2025-06-15 08:02:52 [restartedMain] INFO  o.a.c.c.C.[.[localhost].[/api] - Initializing Spring embedded WebApplicationContext
2025-06-15 08:02:52 [restartedMain] INFO  o.s.b.w.s.c.ServletWebServerApplicationContext - Root WebApplicationContext: initialization completed in 2182 ms
2025-06-15 08:02:53 [restartedMain] WARN  o.s.b.d.a.OptionalLiveReloadServer - Unable to start LiveReload server
2025-06-15 08:02:54 [restartedMain] INFO  o.s.b.a.e.web.EndpointLinksResolver - Exposing 3 endpoints beneath base path '/actuator'
2025-06-15 08:02:54 [restartedMain] INFO  o.s.b.w.e.tomcat.TomcatWebServer - Tomcat started on port 8080 (http) with context path '/api'
2025-06-15 08:02:55 [restartedMain] INFO  c.g.c.c.CemGatewayApplication - Started CemGatewayApplication in 7.266 seconds (process running for 7.822)
2025-06-15 08:02:55 [restartedMain] WARN  o.s.b.c.p.m.PropertiesMigrationListener - 
The use of configuration keys that have been renamed was found in the environment:

Property source 'Config resource 'class path resource [application.yml]' via location 'optional:classpath:/'':
	Key: management.metrics.export.prometheus.enabled
		Line: 106
		Replacement: management.prometheus.metrics.export.enabled


Each configuration key has been temporarily mapped to its replacement for your convenience. To silence this warning, please update your configuration to use the new keys.

2025-06-15 08:03:24 [http-nio-8080-exec-1] INFO  o.a.c.c.C.[.[localhost].[/api] - Initializing Spring DispatcherServlet 'dispatcherServlet'
2025-06-15 08:03:24 [http-nio-8080-exec-1] INFO  o.s.web.servlet.DispatcherServlet - Initializing Servlet 'dispatcherServlet'
2025-06-15 08:03:24 [http-nio-8080-exec-1] INFO  o.s.web.servlet.DispatcherServlet - Completed initialization in 1 ms
2025-06-15 08:03:24 [http-nio-8080-exec-10] INFO  o.s.api.AbstractOpenApiResource - Init duration for springdoc-openapi is: 142 ms
2025-06-15 08:03:33 [http-nio-8080-exec-5] DEBUG c.g.c.c.controller.GatewayController - Gateway health check requested
2025-06-15 08:07:29 [File Watcher] INFO  o.s.b.d.a.LocalDevToolsAutoConfiguration$RestartingClassPathChangeChangedEventListener - Restarting due to 1 class path change (0 additions, 0 deletions, 1 modification)
2025-06-15 08:07:29 [Thread-1] INFO  o.s.b.w.e.tomcat.GracefulShutdown - Commencing graceful shutdown. Waiting for active requests to complete
2025-06-15 08:07:30 [tomcat-shutdown] INFO  o.s.b.w.e.tomcat.GracefulShutdown - Graceful shutdown complete
2025-06-15 08:07:31 [restartedMain] INFO  c.g.c.c.CemGatewayApplication - Starting CemGatewayApplication using Java 17.0.11 with PID 7080 (D:\do-an\Viet\Backend\CEM-gateway\target\classes started by Lom in D:\do-an\Viet\Backend\CEM-gateway)
2025-06-15 08:07:31 [restartedMain] DEBUG c.g.c.c.CemGatewayApplication - Running with Spring Boot v3.5.0, Spring v6.2.7
2025-06-15 08:07:31 [restartedMain] INFO  c.g.c.c.CemGatewayApplication - No active profile set, falling back to 1 default profile: "default"
2025-06-15 08:07:31 [restartedMain] INFO  o.s.cloud.context.scope.GenericScope - BeanFactory id=263361f5-819e-3ed6-8b9b-ba2b3b6d4bb7
2025-06-15 08:07:31 [restartedMain] INFO  o.s.b.w.e.tomcat.TomcatWebServer - Tomcat initialized with port 8080 (http)
2025-06-15 08:07:31 [restartedMain] INFO  o.a.catalina.core.StandardService - Starting service [Tomcat]
2025-06-15 08:07:31 [restartedMain] INFO  o.a.catalina.core.StandardEngine - Starting Servlet engine: [Apache Tomcat/10.1.41]
2025-06-15 08:07:31 [restartedMain] INFO  o.a.c.c.C.[.[localhost].[/api] - Initializing Spring embedded WebApplicationContext
2025-06-15 08:07:31 [restartedMain] INFO  o.s.b.w.s.c.ServletWebServerApplicationContext - Root WebApplicationContext: initialization completed in 477 ms
2025-06-15 08:07:32 [restartedMain] WARN  o.s.b.d.a.OptionalLiveReloadServer - Unable to start LiveReload server
2025-06-15 08:07:33 [restartedMain] INFO  o.s.b.a.e.web.EndpointLinksResolver - Exposing 3 endpoints beneath base path '/actuator'
2025-06-15 08:07:33 [restartedMain] INFO  o.s.b.w.e.tomcat.TomcatWebServer - Tomcat started on port 8080 (http) with context path '/api'
2025-06-15 08:07:34 [restartedMain] INFO  c.g.c.c.CemGatewayApplication - Started CemGatewayApplication in 4.235 seconds (process running for 286.852)
2025-06-15 08:07:34 [restartedMain] WARN  o.s.b.c.p.m.PropertiesMigrationListener - 
The use of configuration keys that have been renamed was found in the environment:

Property source 'Config resource 'class path resource [application.yml]' via location 'optional:classpath:/'':
	Key: management.metrics.export.prometheus.enabled
		Line: 104
		Replacement: management.prometheus.metrics.export.enabled


Each configuration key has been temporarily mapped to its replacement for your convenience. To silence this warning, please update your configuration to use the new keys.

2025-06-15 08:07:34 [restartedMain] INFO  o.s.b.d.a.ConditionEvaluationDeltaLoggingListener - Condition evaluation unchanged
2025-06-15 08:07:46 [File Watcher] INFO  o.s.b.d.a.LocalDevToolsAutoConfiguration$RestartingClassPathChangeChangedEventListener - Restarting due to 1 class path change (1 addition, 0 deletions, 0 modifications)
2025-06-15 08:07:46 [Thread-7] INFO  o.s.b.w.e.tomcat.GracefulShutdown - Commencing graceful shutdown. Waiting for active requests to complete
2025-06-15 08:07:47 [tomcat-shutdown] INFO  o.s.b.w.e.tomcat.GracefulShutdown - Graceful shutdown complete
2025-06-15 08:07:48 [restartedMain] INFO  c.g.c.c.CemGatewayApplication - Starting CemGatewayApplication using Java 17.0.11 with PID 7080 (D:\do-an\Viet\Backend\CEM-gateway\target\classes started by Lom in D:\do-an\Viet\Backend\CEM-gateway)
2025-06-15 08:07:48 [restartedMain] DEBUG c.g.c.c.CemGatewayApplication - Running with Spring Boot v3.5.0, Spring v6.2.7
2025-06-15 08:07:48 [restartedMain] INFO  c.g.c.c.CemGatewayApplication - No active profile set, falling back to 1 default profile: "default"
2025-06-15 08:07:49 [restartedMain] WARN  o.s.b.w.s.c.AnnotationConfigServletWebServerApplicationContext - Exception encountered during context initialization - cancelling refresh attempt: org.springframework.beans.factory.support.BeanDefinitionOverrideException: Invalid bean definition with name 'customOpenAPI' defined in class path resource [com/g47/cem/cemgateway/config/SwaggerConfig.class]: Cannot register bean definition [Root bean: class=null; scope=; abstract=false; lazyInit=null; autowireMode=3; dependencyCheck=0; autowireCandidate=true; primary=false; fallback=false; factoryBeanName=swaggerConfig; factoryMethodName=customOpenAPI; initMethodNames=null; destroyMethodNames=[(inferred)]; defined in class path resource [com/g47/cem/cemgateway/config/SwaggerConfig.class]] for bean 'customOpenAPI' since there is already [Root bean: class=null; scope=; abstract=false; lazyInit=null; autowireMode=3; dependencyCheck=0; autowireCandidate=true; primary=false; fallback=false; factoryBeanName=gatewaySwaggerConfig; factoryMethodName=customOpenAPI; initMethodNames=null; destroyMethodNames=[(inferred)]; defined in class path resource [com/g47/cem/cemgateway/config/GatewaySwaggerConfig.class]] bound.
2025-06-15 08:07:49 [restartedMain] WARN  o.s.b.c.p.m.PropertiesMigrationListener - 
The use of configuration keys that have been renamed was found in the environment:

Property source 'Config resource 'class path resource [application.yml]' via location 'optional:classpath:/'':
	Key: management.metrics.export.prometheus.enabled
		Line: 104
		Replacement: management.prometheus.metrics.export.enabled


Each configuration key has been temporarily mapped to its replacement for your convenience. To silence this warning, please update your configuration to use the new keys.

2025-06-15 08:07:49 [restartedMain] INFO  o.s.b.a.l.ConditionEvaluationReportLogger - 

Error starting ApplicationContext. To display the condition evaluation report re-run your application with 'debug' enabled.
2025-06-15 08:07:49 [restartedMain] ERROR o.s.b.d.LoggingFailureAnalysisReporter - 

***************************
APPLICATION FAILED TO START
***************************

Description:

The bean 'customOpenAPI', defined in class path resource [com/g47/cem/cemgateway/config/SwaggerConfig.class], could not be registered. A bean with that name has already been defined in class path resource [com/g47/cem/cemgateway/config/GatewaySwaggerConfig.class] and overriding is disabled.

Action:

Consider renaming one of the beans or enabling overriding by setting spring.main.allow-bean-definition-overriding=true

2025-06-15 08:08:21 [restartedMain] INFO  c.g.c.c.CemGatewayApplication - Starting CemGatewayApplication using Java 17.0.11 with PID 7080 (D:\do-an\Viet\Backend\CEM-gateway\target\classes started by Lom in D:\do-an\Viet\Backend\CEM-gateway)
2025-06-15 08:08:21 [restartedMain] DEBUG c.g.c.c.CemGatewayApplication - Running with Spring Boot v3.5.0, Spring v6.2.7
2025-06-15 08:08:21 [restartedMain] INFO  c.g.c.c.CemGatewayApplication - No active profile set, falling back to 1 default profile: "default"
2025-06-15 08:08:21 [restartedMain] WARN  o.s.b.w.s.c.AnnotationConfigServletWebServerApplicationContext - Exception encountered during context initialization - cancelling refresh attempt: org.springframework.beans.factory.support.BeanDefinitionOverrideException: Invalid bean definition with name 'customOpenAPI' defined in class path resource [com/g47/cem/cemgateway/config/SwaggerConfig.class]: Cannot register bean definition [Root bean: class=null; scope=; abstract=false; lazyInit=null; autowireMode=3; dependencyCheck=0; autowireCandidate=true; primary=false; fallback=false; factoryBeanName=swaggerConfig; factoryMethodName=customOpenAPI; initMethodNames=null; destroyMethodNames=[(inferred)]; defined in class path resource [com/g47/cem/cemgateway/config/SwaggerConfig.class]] for bean 'customOpenAPI' since there is already [Root bean: class=null; scope=; abstract=false; lazyInit=null; autowireMode=3; dependencyCheck=0; autowireCandidate=true; primary=false; fallback=false; factoryBeanName=gatewaySwaggerConfig; factoryMethodName=customOpenAPI; initMethodNames=null; destroyMethodNames=[(inferred)]; defined in class path resource [com/g47/cem/cemgateway/config/GatewaySwaggerConfig.class]] bound.
2025-06-15 08:08:21 [restartedMain] WARN  o.s.b.c.p.m.PropertiesMigrationListener - 
The use of configuration keys that have been renamed was found in the environment:

Property source 'Config resource 'class path resource [application.yml]' via location 'optional:classpath:/'':
	Key: management.metrics.export.prometheus.enabled
		Line: 104
		Replacement: management.prometheus.metrics.export.enabled


Each configuration key has been temporarily mapped to its replacement for your convenience. To silence this warning, please update your configuration to use the new keys.

2025-06-15 08:08:21 [restartedMain] INFO  o.s.b.a.l.ConditionEvaluationReportLogger - 

Error starting ApplicationContext. To display the condition evaluation report re-run your application with 'debug' enabled.
2025-06-15 08:08:21 [restartedMain] ERROR o.s.b.d.LoggingFailureAnalysisReporter - 

***************************
APPLICATION FAILED TO START
***************************

Description:

The bean 'customOpenAPI', defined in class path resource [com/g47/cem/cemgateway/config/SwaggerConfig.class], could not be registered. A bean with that name has already been defined in class path resource [com/g47/cem/cemgateway/config/GatewaySwaggerConfig.class] and overriding is disabled.

Action:

Consider renaming one of the beans or enabling overriding by setting spring.main.allow-bean-definition-overriding=true

2025-06-15 08:08:26 [restartedMain] INFO  c.g.c.c.CemGatewayApplication - Starting CemGatewayApplication using Java 17.0.11 with PID 7080 (D:\do-an\Viet\Backend\CEM-gateway\target\classes started by Lom in D:\do-an\Viet\Backend\CEM-gateway)
2025-06-15 08:08:26 [restartedMain] DEBUG c.g.c.c.CemGatewayApplication - Running with Spring Boot v3.5.0, Spring v6.2.7
2025-06-15 08:08:26 [restartedMain] INFO  c.g.c.c.CemGatewayApplication - No active profile set, falling back to 1 default profile: "default"
2025-06-15 08:08:27 [restartedMain] WARN  o.s.b.w.s.c.AnnotationConfigServletWebServerApplicationContext - Exception encountered during context initialization - cancelling refresh attempt: org.springframework.beans.factory.support.BeanDefinitionOverrideException: Invalid bean definition with name 'customOpenAPI' defined in class path resource [com/g47/cem/cemgateway/config/SwaggerConfig.class]: Cannot register bean definition [Root bean: class=null; scope=; abstract=false; lazyInit=null; autowireMode=3; dependencyCheck=0; autowireCandidate=true; primary=false; fallback=false; factoryBeanName=swaggerConfig; factoryMethodName=customOpenAPI; initMethodNames=null; destroyMethodNames=[(inferred)]; defined in class path resource [com/g47/cem/cemgateway/config/SwaggerConfig.class]] for bean 'customOpenAPI' since there is already [Root bean: class=null; scope=; abstract=false; lazyInit=null; autowireMode=3; dependencyCheck=0; autowireCandidate=true; primary=false; fallback=false; factoryBeanName=gatewaySwaggerConfig; factoryMethodName=customOpenAPI; initMethodNames=null; destroyMethodNames=[(inferred)]; defined in class path resource [com/g47/cem/cemgateway/config/GatewaySwaggerConfig.class]] bound.
2025-06-15 08:08:27 [restartedMain] WARN  o.s.b.c.p.m.PropertiesMigrationListener - 
The use of configuration keys that have been renamed was found in the environment:

Property source 'Config resource 'class path resource [application.yml]' via location 'optional:classpath:/'':
	Key: management.metrics.export.prometheus.enabled
		Line: 104
		Replacement: management.prometheus.metrics.export.enabled


Each configuration key has been temporarily mapped to its replacement for your convenience. To silence this warning, please update your configuration to use the new keys.

2025-06-15 08:08:27 [restartedMain] INFO  o.s.b.a.l.ConditionEvaluationReportLogger - 

Error starting ApplicationContext. To display the condition evaluation report re-run your application with 'debug' enabled.
2025-06-15 08:08:27 [restartedMain] ERROR o.s.b.d.LoggingFailureAnalysisReporter - 

***************************
APPLICATION FAILED TO START
***************************

Description:

The bean 'customOpenAPI', defined in class path resource [com/g47/cem/cemgateway/config/SwaggerConfig.class], could not be registered. A bean with that name has already been defined in class path resource [com/g47/cem/cemgateway/config/GatewaySwaggerConfig.class] and overriding is disabled.

Action:

Consider renaming one of the beans or enabling overriding by setting spring.main.allow-bean-definition-overriding=true

2025-06-15 08:08:39 [restartedMain] INFO  c.g.c.c.CemGatewayApplication - Starting CemGatewayApplication using Java 17.0.11 with PID 7080 (D:\do-an\Viet\Backend\CEM-gateway\target\classes started by Lom in D:\do-an\Viet\Backend\CEM-gateway)
2025-06-15 08:08:39 [restartedMain] DEBUG c.g.c.c.CemGatewayApplication - Running with Spring Boot v3.5.0, Spring v6.2.7
2025-06-15 08:08:39 [restartedMain] INFO  c.g.c.c.CemGatewayApplication - No active profile set, falling back to 1 default profile: "default"
2025-06-15 08:08:39 [restartedMain] WARN  o.s.b.w.s.c.AnnotationConfigServletWebServerApplicationContext - Exception encountered during context initialization - cancelling refresh attempt: org.springframework.beans.factory.support.BeanDefinitionOverrideException: Invalid bean definition with name 'customOpenAPI' defined in class path resource [com/g47/cem/cemgateway/config/SwaggerConfig.class]: Cannot register bean definition [Root bean: class=null; scope=; abstract=false; lazyInit=null; autowireMode=3; dependencyCheck=0; autowireCandidate=true; primary=false; fallback=false; factoryBeanName=swaggerConfig; factoryMethodName=customOpenAPI; initMethodNames=null; destroyMethodNames=[(inferred)]; defined in class path resource [com/g47/cem/cemgateway/config/SwaggerConfig.class]] for bean 'customOpenAPI' since there is already [Root bean: class=null; scope=; abstract=false; lazyInit=null; autowireMode=3; dependencyCheck=0; autowireCandidate=true; primary=false; fallback=false; factoryBeanName=gatewaySwaggerConfig; factoryMethodName=customOpenAPI; initMethodNames=null; destroyMethodNames=[(inferred)]; defined in class path resource [com/g47/cem/cemgateway/config/GatewaySwaggerConfig.class]] bound.
2025-06-15 08:08:39 [restartedMain] WARN  o.s.b.c.p.m.PropertiesMigrationListener - 
The use of configuration keys that have been renamed was found in the environment:

Property source 'Config resource 'class path resource [application.yml]' via location 'optional:classpath:/'':
	Key: management.metrics.export.prometheus.enabled
		Line: 104
		Replacement: management.prometheus.metrics.export.enabled


Each configuration key has been temporarily mapped to its replacement for your convenience. To silence this warning, please update your configuration to use the new keys.

2025-06-15 08:08:39 [restartedMain] INFO  o.s.b.a.l.ConditionEvaluationReportLogger - 

Error starting ApplicationContext. To display the condition evaluation report re-run your application with 'debug' enabled.
2025-06-15 08:08:39 [restartedMain] ERROR o.s.b.d.LoggingFailureAnalysisReporter - 

***************************
APPLICATION FAILED TO START
***************************

Description:

The bean 'customOpenAPI', defined in class path resource [com/g47/cem/cemgateway/config/SwaggerConfig.class], could not be registered. A bean with that name has already been defined in class path resource [com/g47/cem/cemgateway/config/GatewaySwaggerConfig.class] and overriding is disabled.

Action:

Consider renaming one of the beans or enabling overriding by setting spring.main.allow-bean-definition-overriding=true

2025-06-15 08:08:55 [restartedMain] INFO  c.g.c.c.CemGatewayApplication - Starting CemGatewayApplication using Java 17.0.11 with PID 7080 (D:\do-an\Viet\Backend\CEM-gateway\target\classes started by Lom in D:\do-an\Viet\Backend\CEM-gateway)
2025-06-15 08:08:55 [restartedMain] DEBUG c.g.c.c.CemGatewayApplication - Running with Spring Boot v3.5.0, Spring v6.2.7
2025-06-15 08:08:55 [restartedMain] INFO  c.g.c.c.CemGatewayApplication - No active profile set, falling back to 1 default profile: "default"
2025-06-15 08:08:56 [restartedMain] INFO  o.s.cloud.context.scope.GenericScope - BeanFactory id=ea50fa1e-f2f3-3dba-b468-a52e70f0af77
2025-06-15 08:08:56 [restartedMain] INFO  o.s.b.w.e.tomcat.TomcatWebServer - Tomcat initialized with port 8080 (http)
2025-06-15 08:08:56 [restartedMain] INFO  o.a.catalina.core.StandardService - Starting service [Tomcat]
2025-06-15 08:08:56 [restartedMain] INFO  o.a.catalina.core.StandardEngine - Starting Servlet engine: [Apache Tomcat/10.1.41]
2025-06-15 08:08:56 [restartedMain] INFO  o.a.c.c.C.[.[localhost].[/api] - Initializing Spring embedded WebApplicationContext
2025-06-15 08:08:56 [restartedMain] INFO  o.s.b.w.s.c.ServletWebServerApplicationContext - Root WebApplicationContext: initialization completed in 796 ms
2025-06-15 08:08:56 [restartedMain] WARN  o.s.b.d.a.OptionalLiveReloadServer - Unable to start LiveReload server
2025-06-15 08:08:57 [restartedMain] INFO  o.s.b.a.e.web.EndpointLinksResolver - Exposing 3 endpoints beneath base path '/actuator'
2025-06-15 08:08:57 [restartedMain] INFO  o.s.b.w.e.tomcat.TomcatWebServer - Tomcat started on port 8080 (http) with context path '/api'
2025-06-15 08:08:57 [File Watcher] INFO  o.s.b.d.a.LocalDevToolsAutoConfiguration$RestartingClassPathChangeChangedEventListener - Restarting due to 6 class path changes (6 additions, 0 deletions, 0 modifications)
2025-06-15 08:08:58 [restartedMain] INFO  c.g.c.c.CemGatewayApplication - Started CemGatewayApplication in 4.725 seconds (process running for 371.05)
2025-06-15 08:08:58 [Thread-13] INFO  o.s.b.w.e.tomcat.GracefulShutdown - Commencing graceful shutdown. Waiting for active requests to complete
2025-06-15 08:08:58 [restartedMain] WARN  o.s.b.c.p.m.PropertiesMigrationListener - 
The use of configuration keys that have been renamed was found in the environment:

Property source 'Config resource 'class path resource [application.yml]' via location 'optional:classpath:/'':
	Key: management.metrics.export.prometheus.enabled
		Line: 104
		Replacement: management.prometheus.metrics.export.enabled


Each configuration key has been temporarily mapped to its replacement for your convenience. To silence this warning, please update your configuration to use the new keys.

2025-06-15 08:08:58 [restartedMain] INFO  o.s.b.d.a.ConditionEvaluationDeltaLoggingListener - Condition evaluation unchanged
2025-06-15 08:08:58 [tomcat-shutdown] INFO  o.s.b.w.e.tomcat.GracefulShutdown - Graceful shutdown complete
2025-06-15 08:09:00 [restartedMain] INFO  c.g.c.c.CemGatewayApplication - Starting CemGatewayApplication using Java 17.0.11 with PID 7080 (D:\do-an\Viet\Backend\CEM-gateway\target\classes started by Lom in D:\do-an\Viet\Backend\CEM-gateway)
2025-06-15 08:09:00 [restartedMain] DEBUG c.g.c.c.CemGatewayApplication - Running with Spring Boot v3.5.0, Spring v6.2.7
2025-06-15 08:09:00 [restartedMain] INFO  c.g.c.c.CemGatewayApplication - No active profile set, falling back to 1 default profile: "default"
2025-06-15 08:09:00 [restartedMain] WARN  o.s.b.w.s.c.AnnotationConfigServletWebServerApplicationContext - Exception encountered during context initialization - cancelling refresh attempt: org.springframework.beans.factory.support.BeanDefinitionOverrideException: Invalid bean definition with name 'customOpenAPI' defined in class path resource [com/g47/cem/cemgateway/config/SwaggerConfig.class]: Cannot register bean definition [Root bean: class=null; scope=; abstract=false; lazyInit=null; autowireMode=3; dependencyCheck=0; autowireCandidate=true; primary=false; fallback=false; factoryBeanName=swaggerConfig; factoryMethodName=customOpenAPI; initMethodNames=null; destroyMethodNames=[(inferred)]; defined in class path resource [com/g47/cem/cemgateway/config/SwaggerConfig.class]] for bean 'customOpenAPI' since there is already [Root bean: class=null; scope=; abstract=false; lazyInit=null; autowireMode=3; dependencyCheck=0; autowireCandidate=true; primary=false; fallback=false; factoryBeanName=gatewaySwaggerConfig; factoryMethodName=customOpenAPI; initMethodNames=null; destroyMethodNames=[(inferred)]; defined in class path resource [com/g47/cem/cemgateway/config/GatewaySwaggerConfig.class]] bound.
2025-06-15 08:09:00 [restartedMain] WARN  o.s.b.c.p.m.PropertiesMigrationListener - 
The use of configuration keys that have been renamed was found in the environment:

Property source 'Config resource 'class path resource [application.yml]' via location 'optional:classpath:/'':
	Key: management.metrics.export.prometheus.enabled
		Line: 104
		Replacement: management.prometheus.metrics.export.enabled


Each configuration key has been temporarily mapped to its replacement for your convenience. To silence this warning, please update your configuration to use the new keys.

2025-06-15 08:09:00 [restartedMain] INFO  o.s.b.a.l.ConditionEvaluationReportLogger - 

Error starting ApplicationContext. To display the condition evaluation report re-run your application with 'debug' enabled.
2025-06-15 08:09:00 [restartedMain] ERROR o.s.b.d.LoggingFailureAnalysisReporter - 

***************************
APPLICATION FAILED TO START
***************************

Description:

The bean 'customOpenAPI', defined in class path resource [com/g47/cem/cemgateway/config/SwaggerConfig.class], could not be registered. A bean with that name has already been defined in class path resource [com/g47/cem/cemgateway/config/GatewaySwaggerConfig.class] and overriding is disabled.

Action:

Consider renaming one of the beans or enabling overriding by setting spring.main.allow-bean-definition-overriding=true

2025-06-15 08:09:20 [restartedMain] INFO  c.g.c.c.CemGatewayApplication - Starting CemGatewayApplication using Java 17.0.11 with PID 13444 (D:\do-an\Viet\Backend\CEM-gateway\target\classes started by Lom in D:\do-an\Viet\Backend\CEM-gateway)
2025-06-15 08:09:20 [restartedMain] DEBUG c.g.c.c.CemGatewayApplication - Running with Spring Boot v3.5.0, Spring v6.2.7
2025-06-15 08:09:20 [restartedMain] INFO  c.g.c.c.CemGatewayApplication - No active profile set, falling back to 1 default profile: "default"
2025-06-15 08:09:20 [restartedMain] INFO  o.s.b.d.e.DevToolsPropertyDefaultsPostProcessor - Devtools property defaults active! Set 'spring.devtools.add-properties' to 'false' to disable
2025-06-15 08:09:20 [restartedMain] INFO  o.s.b.d.e.DevToolsPropertyDefaultsPostProcessor - For additional web related logging consider setting the 'logging.level.web' property to 'DEBUG'
2025-06-15 08:09:21 [restartedMain] WARN  o.s.b.w.s.c.AnnotationConfigServletWebServerApplicationContext - Exception encountered during context initialization - cancelling refresh attempt: org.springframework.beans.factory.support.BeanDefinitionOverrideException: Invalid bean definition with name 'customOpenAPI' defined in class path resource [com/g47/cem/cemgateway/config/SwaggerConfig.class]: Cannot register bean definition [Root bean: class=null; scope=; abstract=false; lazyInit=null; autowireMode=3; dependencyCheck=0; autowireCandidate=true; primary=false; fallback=false; factoryBeanName=swaggerConfig; factoryMethodName=customOpenAPI; initMethodNames=null; destroyMethodNames=[(inferred)]; defined in class path resource [com/g47/cem/cemgateway/config/SwaggerConfig.class]] for bean 'customOpenAPI' since there is already [Root bean: class=null; scope=; abstract=false; lazyInit=null; autowireMode=3; dependencyCheck=0; autowireCandidate=true; primary=false; fallback=false; factoryBeanName=gatewaySwaggerConfig; factoryMethodName=customOpenAPI; initMethodNames=null; destroyMethodNames=[(inferred)]; defined in class path resource [com/g47/cem/cemgateway/config/GatewaySwaggerConfig.class]] bound.
2025-06-15 08:09:21 [restartedMain] WARN  o.s.b.c.p.m.PropertiesMigrationListener - 
The use of configuration keys that have been renamed was found in the environment:

Property source 'Config resource 'class path resource [application.yml]' via location 'optional:classpath:/'':
	Key: management.metrics.export.prometheus.enabled
		Line: 104
		Replacement: management.prometheus.metrics.export.enabled


Each configuration key has been temporarily mapped to its replacement for your convenience. To silence this warning, please update your configuration to use the new keys.

2025-06-15 08:09:21 [restartedMain] INFO  o.s.b.a.l.ConditionEvaluationReportLogger - 

Error starting ApplicationContext. To display the condition evaluation report re-run your application with 'debug' enabled.
2025-06-15 08:09:21 [restartedMain] ERROR o.s.b.d.LoggingFailureAnalysisReporter - 

***************************
APPLICATION FAILED TO START
***************************

Description:

The bean 'customOpenAPI', defined in class path resource [com/g47/cem/cemgateway/config/SwaggerConfig.class], could not be registered. A bean with that name has already been defined in class path resource [com/g47/cem/cemgateway/config/GatewaySwaggerConfig.class] and overriding is disabled.

Action:

Consider renaming one of the beans or enabling overriding by setting spring.main.allow-bean-definition-overriding=true

2025-06-15 08:11:01 [restartedMain] INFO  c.g.c.c.CemGatewayApplication - Starting CemGatewayApplication using Java 17.0.11 with PID 2060 (D:\do-an\Viet\Backend\CEM-gateway\target\classes started by Lom in D:\do-an\Viet\Backend\CEM-gateway)
2025-06-15 08:11:01 [restartedMain] DEBUG c.g.c.c.CemGatewayApplication - Running with Spring Boot v3.5.0, Spring v6.2.7
2025-06-15 08:11:01 [restartedMain] INFO  c.g.c.c.CemGatewayApplication - No active profile set, falling back to 1 default profile: "default"
2025-06-15 08:11:01 [restartedMain] INFO  o.s.b.d.e.DevToolsPropertyDefaultsPostProcessor - Devtools property defaults active! Set 'spring.devtools.add-properties' to 'false' to disable
2025-06-15 08:11:01 [restartedMain] INFO  o.s.b.d.e.DevToolsPropertyDefaultsPostProcessor - For additional web related logging consider setting the 'logging.level.web' property to 'DEBUG'
2025-06-15 08:11:02 [restartedMain] INFO  o.s.cloud.context.scope.GenericScope - BeanFactory id=c79a414a-df2e-3c8e-909f-48f50b7c73e8
2025-06-15 08:11:03 [restartedMain] INFO  o.s.b.w.e.tomcat.TomcatWebServer - Tomcat initialized with port 8080 (http)
2025-06-15 08:11:03 [restartedMain] INFO  o.a.catalina.core.StandardService - Starting service [Tomcat]
2025-06-15 08:11:03 [restartedMain] INFO  o.a.catalina.core.StandardEngine - Starting Servlet engine: [Apache Tomcat/10.1.41]
2025-06-15 08:11:03 [restartedMain] INFO  o.a.c.c.C.[.[localhost].[/api] - Initializing Spring embedded WebApplicationContext
2025-06-15 08:11:03 [restartedMain] INFO  o.s.b.w.s.c.ServletWebServerApplicationContext - Root WebApplicationContext: initialization completed in 1491 ms
2025-06-15 08:11:03 [restartedMain] WARN  o.s.b.d.a.OptionalLiveReloadServer - Unable to start LiveReload server
2025-06-15 08:11:05 [restartedMain] INFO  o.s.b.a.e.web.EndpointLinksResolver - Exposing 3 endpoints beneath base path '/actuator'
2025-06-15 08:11:05 [restartedMain] INFO  o.s.b.w.e.tomcat.TomcatWebServer - Tomcat started on port 8080 (http) with context path '/api'
2025-06-15 08:11:06 [restartedMain] INFO  c.g.c.c.CemGatewayApplication - Started CemGatewayApplication in 6.1 seconds (process running for 6.7)
2025-06-15 08:11:06 [restartedMain] WARN  o.s.b.c.p.m.PropertiesMigrationListener - 
The use of configuration keys that have been renamed was found in the environment:

Property source 'Config resource 'class path resource [application.yml]' via location 'optional:classpath:/'':
	Key: management.metrics.export.prometheus.enabled
		Line: 104
		Replacement: management.prometheus.metrics.export.enabled


Each configuration key has been temporarily mapped to its replacement for your convenience. To silence this warning, please update your configuration to use the new keys.

2025-06-15 08:11:19 [http-nio-8080-exec-1] INFO  o.a.c.c.C.[.[localhost].[/api] - Initializing Spring DispatcherServlet 'dispatcherServlet'
2025-06-15 08:11:19 [http-nio-8080-exec-1] INFO  o.s.web.servlet.DispatcherServlet - Initializing Servlet 'dispatcherServlet'
2025-06-15 08:11:19 [http-nio-8080-exec-1] INFO  o.s.web.servlet.DispatcherServlet - Completed initialization in 1 ms
2025-06-15 08:11:20 [http-nio-8080-exec-9] INFO  o.s.api.AbstractOpenApiResource - Init duration for springdoc-openapi is: 163 ms
