
  .   ____          _            __ _ _
 /\\ / ___'_ __ _ _(_)_ __  __ _ \ \ \ \
( ( )\___ | '_ | '_| | '_ \/ _` | \ \ \ \
 \\/  ___)| |_)| | | | | || (_| |  ) ) ) )
  '  |____| .__|_| |_|_| |_\__, | / / / /
 =========|_|==============|___/=/_/_/_/

 :: Spring Boot ::                (v3.5.0)

2025-06-25 01:40:23 - Starting CemCustomerApplication using Java 17.0.11 with PID 17676 (D:\do-an\Viet\CEM-backend\CEM-Customer\target\classes started by Lom in D:\do-an\Viet\CEM-backend\CEM-Customer)
2025-06-25 01:40:23 - Running with Spring Boot v3.5.0, Spring v6.2.7
2025-06-25 01:40:23 - No active profile set, falling back to 1 default profile: "default"
2025-06-25 01:40:23 - Devtools property defaults active! Set 'spring.devtools.add-properties' to 'false' to disable
2025-06-25 01:40:23 - For additional web related logging consider setting the 'logging.level.web' property to 'DEBUG'
2025-06-25 01:40:25 - Bootstrapping Spring Data JPA repositories in DEFAULT mode.
2025-06-25 01:40:25 - Finished Spring Data repository scanning in 60 ms. Found 1 JPA repository interface.
2025-06-25 01:40:26 - Tomcat initialized with port 8082 (http)
2025-06-25 01:40:26 - Starting service [Tomcat]
2025-06-25 01:40:26 - Starting Servlet engine: [Apache Tomcat/10.1.41]
2025-06-25 01:40:26 - Initializing Spring embedded WebApplicationContext
2025-06-25 01:40:26 - Root WebApplicationContext: initialization completed in 3301 ms
2025-06-25 01:40:27 - Filter 'jwtAuthenticationFilter' configured for use
2025-06-25 01:40:27 - HikariPool-CUSTOMER - Starting...
2025-06-25 01:40:28 - HikariPool-CUSTOMER - Added connection org.postgresql.jdbc.PgConnection@1e7844aa
2025-06-25 01:40:28 - HikariPool-CUSTOMER - Start completed.
2025-06-25 01:40:28 - Database: jdbc:postgresql://ep-royal-bird-a1m9xsdr.ap-southeast-1.aws.neon.tech:5432/CEM_DB?sslmode=require (PostgreSQL 16.9)
2025-06-25 01:40:29 - Successfully validated 2 migrations (execution time 00:00.268s)
2025-06-25 01:40:30 - Current version of schema "public": 1
2025-06-25 01:40:30 - Schema "public" is up to date. No migration necessary.
2025-06-25 01:40:30 - HHH000204: Processing PersistenceUnitInfo [name: default]
2025-06-25 01:40:30 - HHH000412: Hibernate ORM core version 6.6.15.Final
2025-06-25 01:40:30 - HHH000026: Second-level cache disabled
2025-06-25 01:40:31 - No LoadTimeWeaver setup: ignoring JPA class transformer
2025-06-25 01:40:31 - HHH90000025: PostgreSQLDialect does not need to be specified explicitly using 'hibernate.dialect' (remove the property setting and it will be selected by default)
2025-06-25 01:40:31 - HHH10001005: Database info:
	Database JDBC URL [Connecting through datasource 'HikariDataSource (HikariPool-CUSTOMER)']
	Database driver: undefined/unknown
	Database version: 16.9
	Autocommit mode: undefined/unknown
	Isolation level: undefined/unknown
	Minimum pool size: undefined/unknown
	Maximum pool size: undefined/unknown
2025-06-25 01:40:32 - HHH000489: No JTA platform available (set 'hibernate.transaction.jta.platform' to enable JTA platform integration)
2025-06-25 01:40:32 - Initialized JPA EntityManagerFactory for persistence unit 'default'
2025-06-25 01:40:33 - Hibernate is in classpath; If applicable, HQL parser will be used.
2025-06-25 01:40:36 - Exposing 3 endpoints beneath base path '/actuator'
2025-06-25 01:40:36 - 

Using generated security password: dcfb97a3-c3ef-48b4-8d07-bd83106dd718

This generated password is for development use only. Your security configuration must be updated before running your application in production.

2025-06-25 01:40:36 - Global AuthenticationManager configured with UserDetailsService bean with name inMemoryUserDetailsManager
2025-06-25 01:40:36 - Will secure any request with filters: DisableEncodeUrlFilter, WebAsyncManagerIntegrationFilter, SecurityContextHolderFilter, HeaderWriterFilter, CorsFilter, LogoutFilter, JwtAuthenticationFilter, RequestCacheAwareFilter, SecurityContextHolderAwareRequestFilter, AnonymousAuthenticationFilter, SessionManagementFilter, ExceptionTranslationFilter, AuthorizationFilter
2025-06-25 01:40:37 - Unable to start LiveReload server
2025-06-25 01:40:37 - Tomcat started on port 8082 (http) with context path '/api/customer'
2025-06-25 01:40:37 - Started CemCustomerApplication in 14.884 seconds (process running for 15.712)
